{"/home/travis/build/npmtest/node-npmtest-weixin-js-sdk/test.js":{"path":"/home/travis/build/npmtest/node-npmtest-weixin-js-sdk/test.js","s":{"1":2,"2":2,"3":2,"4":2,"5":2,"6":2,"7":2,"8":1,"9":2,"10":2,"11":1,"12":1,"13":1,"14":1,"15":2,"16":2,"17":2,"18":2,"19":1,"20":1,"21":2,"22":2,"23":2,"24":1,"25":1,"26":1,"27":1,"28":1,"29":1,"30":1,"31":1,"32":1,"33":1,"34":1,"35":1,"36":1,"37":1,"38":1,"39":2,"40":2,"41":1,"42":2,"43":2,"44":1,"45":2,"46":2,"47":1,"48":2,"49":2,"50":1,"51":1,"52":1,"53":1,"54":1},"b":{"1":[2,1,1,1],"2":[1,1,1,1],"3":[1,1],"4":[1,1],"5":[1,1],"6":[1,1],"7":[1,1],"8":[1,1],"9":[1,1],"10":[1,1,1],"11":[1,1],"12":[1,1],"13":[1,1],"14":[1,1],"15":[1,1],"16":[1,1],"17":[1,1]},"f":{"1":2,"2":2,"3":2,"4":2,"5":2,"6":1,"7":1,"8":1,"9":2,"10":2,"11":2,"12":2,"13":1},"fnMap":{"1":{"name":"(anonymous_1)","line":12,"loc":{"start":{"line":12,"column":1},"end":{"line":12,"column":13}}},"2":{"name":"(anonymous_2)","line":19,"loc":{"start":{"line":19,"column":5},"end":{"line":19,"column":17}}},"3":{"name":"(anonymous_3)","line":23,"loc":{"start":{"line":23,"column":24},"end":{"line":23,"column":36}}},"4":{"name":"(anonymous_4)","line":61,"loc":{"start":{"line":61,"column":5},"end":{"line":61,"column":17}}},"5":{"name":"(anonymous_5)","line":82,"loc":{"start":{"line":82,"column":5},"end":{"line":82,"column":17}}},"6":{"name":"(anonymous_6)","line":91,"loc":{"start":{"line":91,"column":77},"end":{"line":94,"column":10}}},"7":{"name":"(anonymous_7)","line":112,"loc":{"start":{"line":112,"column":83},"end":{"line":115,"column":10}},"skip":true},"8":{"name":"(anonymous_8)","line":123,"loc":{"start":{"line":123,"column":77},"end":{"line":126,"column":10}},"skip":true},"9":{"name":"(anonymous_9)","line":139,"loc":{"start":{"line":139,"column":12},"end":{"line":139,"column":40}},"skip":true},"10":{"name":"(anonymous_10)","line":147,"loc":{"start":{"line":147,"column":77},"end":{"line":150,"column":10}},"skip":true},"11":{"name":"(anonymous_11)","line":158,"loc":{"start":{"line":158,"column":83},"end":{"line":161,"column":10}},"skip":true},"12":{"name":"(anonymous_12)","line":169,"loc":{"start":{"line":169,"column":79},"end":{"line":172,"column":10}},"skip":true},"13":{"name":"(anonymous_13)","line":180,"loc":{"start":{"line":180,"column":75},"end":{"line":183,"column":10}},"skip":true}},"statementMap":{"1":{"start":{"line":12,"column":0},"end":{"line":195,"column":5}},"2":{"start":{"line":14,"column":4},"end":{"line":14,"column":14}},"3":{"start":{"line":19,"column":4},"end":{"line":56,"column":9}},"4":{"start":{"line":21,"column":8},"end":{"line":21,"column":19}},"5":{"start":{"line":23,"column":8},"end":{"line":35,"column":13}},"6":{"start":{"line":24,"column":12},"end":{"line":34,"column":13}},"7":{"start":{"line":25,"column":16},"end":{"line":28,"column":30}},"8":{"start":{"line":30,"column":16},"end":{"line":33,"column":27}},"9":{"start":{"line":37,"column":8},"end":{"line":39,"column":21}},"10":{"start":{"line":40,"column":8},"end":{"line":53,"column":9}},"11":{"start":{"line":43,"column":12},"end":{"line":46,"column":14}},"12":{"start":{"line":47,"column":12},"end":{"line":47,"column":18}},"13":{"start":{"line":50,"column":12},"end":{"line":51,"column":33}},"14":{"start":{"line":52,"column":12},"end":{"line":52,"column":18}},"15":{"start":{"line":55,"column":8},"end":{"line":55,"column":35}},"16":{"start":{"line":61,"column":4},"end":{"line":63,"column":9}},"17":{"start":{"line":62,"column":8},"end":{"line":62,"column":15}},"18":{"start":{"line":64,"column":4},"end":{"line":77,"column":5}},"19":{"start":{"line":70,"column":8},"end":{"line":70,"column":14}},"20":{"start":{"line":76,"column":8},"end":{"line":76,"column":14}},"21":{"start":{"line":82,"column":4},"end":{"line":84,"column":9}},"22":{"start":{"line":83,"column":8},"end":{"line":83,"column":15}},"23":{"start":{"line":85,"column":4},"end":{"line":194,"column":5}},"24":{"start":{"line":91,"column":8},"end":{"line":99,"column":10}},"25":{"start":{"line":98,"column":12},"end":{"line":98,"column":35}},"26":{"start":{"line":102,"column":8},"end":{"line":104,"column":63}},"27":{"start":{"line":105,"column":8},"end":{"line":105,"column":14}},"28":{"start":{"line":112,"column":8},"end":{"line":121,"column":10},"skip":true},"29":{"start":{"line":119,"column":12},"end":{"line":119,"column":55},"skip":true},"30":{"start":{"line":120,"column":12},"end":{"line":120,"column":48},"skip":true},"31":{"start":{"line":123,"column":8},"end":{"line":136,"column":10},"skip":true},"32":{"start":{"line":130,"column":12},"end":{"line":130,"column":76},"skip":true},"33":{"start":{"line":131,"column":12},"end":{"line":131,"column":73},"skip":true},"34":{"start":{"line":132,"column":12},"end":{"line":132,"column":74},"skip":true},"35":{"start":{"line":133,"column":12},"end":{"line":133,"column":79},"skip":true},"36":{"start":{"line":134,"column":12},"end":{"line":134,"column":25},"skip":true},"37":{"start":{"line":135,"column":12},"end":{"line":135,"column":45},"skip":true},"38":{"start":{"line":138,"column":8},"end":{"line":145,"column":14},"skip":true},"39":{"start":{"line":143,"column":16},"end":{"line":143,"column":29},"skip":true},"40":{"start":{"line":144,"column":16},"end":{"line":144,"column":55},"skip":true},"41":{"start":{"line":147,"column":8},"end":{"line":156,"column":10},"skip":true},"42":{"start":{"line":154,"column":12},"end":{"line":154,"column":25},"skip":true},"43":{"start":{"line":155,"column":12},"end":{"line":155,"column":45},"skip":true},"44":{"start":{"line":158,"column":8},"end":{"line":167,"column":10},"skip":true},"45":{"start":{"line":165,"column":12},"end":{"line":165,"column":25},"skip":true},"46":{"start":{"line":166,"column":12},"end":{"line":166,"column":48},"skip":true},"47":{"start":{"line":169,"column":8},"end":{"line":178,"column":10},"skip":true},"48":{"start":{"line":176,"column":12},"end":{"line":176,"column":25},"skip":true},"49":{"start":{"line":177,"column":12},"end":{"line":177,"column":46},"skip":true},"50":{"start":{"line":180,"column":8},"end":{"line":189,"column":10},"skip":true},"51":{"start":{"line":187,"column":12},"end":{"line":187,"column":94},"skip":true},"52":{"start":{"line":188,"column":12},"end":{"line":188,"column":48},"skip":true},"53":{"start":{"line":192,"column":8},"end":{"line":192,"column":35},"skip":true},"54":{"start":{"line":193,"column":8},"end":{"line":193,"column":14},"skip":true}},"branchMap":{"1":{"line":25,"type":"binary-expr","locations":[{"start":{"line":25,"column":23},"end":{"line":25,"column":62}},{"start":{"line":26,"column":20},"end":{"line":26,"column":70}},{"start":{"line":27,"column":20},"end":{"line":27,"column":71}},{"start":{"line":28,"column":20},"end":{"line":28,"column":29}}]},"2":{"line":30,"type":"binary-expr","locations":[{"start":{"line":30,"column":23},"end":{"line":30,"column":37}},{"start":{"line":31,"column":20},"end":{"line":31,"column":61}},{"start":{"line":32,"column":20},"end":{"line":32,"column":70}},{"start":{"line":33,"column":20},"end":{"line":33,"column":26}}]},"3":{"line":37,"type":"cond-expr","locations":[{"start":{"line":38,"column":14},"end":{"line":38,"column":20}},{"start":{"line":39,"column":14},"end":{"line":39,"column":20}}]},"4":{"line":40,"type":"switch","locations":[{"start":{"line":42,"column":8},"end":{"line":47,"column":18}},{"start":{"line":49,"column":8},"end":{"line":52,"column":18}}]},"5":{"line":44,"type":"binary-expr","locations":[{"start":{"line":44,"column":16},"end":{"line":44,"column":44}},{"start":{"line":44,"column":48},"end":{"line":44,"column":66}}]},"6":{"line":50,"type":"binary-expr","locations":[{"start":{"line":50,"column":21},"end":{"line":50,"column":49}},{"start":{"line":50,"column":53},"end":{"line":50,"column":72}}]},"7":{"line":64,"type":"switch","locations":[{"start":{"line":69,"column":4},"end":{"line":70,"column":14}},{"start":{"line":75,"column":4},"end":{"line":76,"column":14}}]},"8":{"line":85,"type":"switch","locations":[{"start":{"line":90,"column":4},"end":{"line":105,"column":14}},{"start":{"line":111,"column":4},"end":{"line":193,"column":14},"skip":true}]},"9":{"line":91,"type":"binary-expr","locations":[{"start":{"line":91,"column":42},"end":{"line":91,"column":73}},{"start":{"line":91,"column":77},"end":{"line":99,"column":9}}]},"10":{"line":102,"type":"binary-expr","locations":[{"start":{"line":102,"column":18},"end":{"line":102,"column":32}},{"start":{"line":103,"column":12},"end":{"line":103,"column":53}},{"start":{"line":104,"column":12},"end":{"line":104,"column":61}}]},"11":{"line":112,"type":"binary-expr","locations":[{"start":{"line":112,"column":45},"end":{"line":112,"column":79},"skip":true},{"start":{"line":112,"column":83},"end":{"line":121,"column":9},"skip":true}]},"12":{"line":123,"type":"binary-expr","locations":[{"start":{"line":123,"column":42},"end":{"line":123,"column":73},"skip":true},{"start":{"line":123,"column":77},"end":{"line":136,"column":9},"skip":true}]},"13":{"line":138,"type":"binary-expr","locations":[{"start":{"line":138,"column":48},"end":{"line":138,"column":85},"skip":true},{"start":{"line":139,"column":12},"end":{"line":145,"column":13},"skip":true}]},"14":{"line":147,"type":"binary-expr","locations":[{"start":{"line":147,"column":42},"end":{"line":147,"column":73},"skip":true},{"start":{"line":147,"column":77},"end":{"line":156,"column":9},"skip":true}]},"15":{"line":158,"type":"binary-expr","locations":[{"start":{"line":158,"column":45},"end":{"line":158,"column":79},"skip":true},{"start":{"line":158,"column":83},"end":{"line":167,"column":9},"skip":true}]},"16":{"line":169,"type":"binary-expr","locations":[{"start":{"line":169,"column":43},"end":{"line":169,"column":75},"skip":true},{"start":{"line":169,"column":79},"end":{"line":178,"column":9},"skip":true}]},"17":{"line":180,"type":"binary-expr","locations":[{"start":{"line":180,"column":41},"end":{"line":180,"column":71},"skip":true},{"start":{"line":180,"column":75},"end":{"line":189,"column":9},"skip":true}]}},"code":["/* istanbul instrument in package npmtest_weixin_js_sdk */","/*jslint","    bitwise: true,","    browser: true,","    maxerr: 8,","    maxlen: 96,","    node: true,","    nomen: true,","    regexp: true,","    stupid: true","*/","(function () {","    'use strict';","    var local;","","","","    // run shared js-env code - pre-init","    (function () {","        // init local","        local = {};","        // init modeJs","        local.modeJs = (function () {","            try {","                return typeof navigator.userAgent === 'string' &&","                    typeof document.querySelector('body') === 'object' &&","                    typeof XMLHttpRequest.prototype.open === 'function' &&","                    'browser';","            } catch (errorCaughtBrowser) {","                return module.exports &&","                    typeof process.versions.node === 'string' &&","                    typeof require('http').createServer === 'function' &&","                    'node';","            }","        }());","        // init global","        local.global = local.modeJs === 'browser'","            ? window","            : global;","        switch (local.modeJs) {","        // re-init local from window.local","        case 'browser':","            local = local.global.utility2.objectSetDefault(","                local.global.utility2_rollup || local.global.local,","                local.global.utility2","            );","            break;","        // re-init local from example.js","        case 'node':","            local = (local.global.utility2_rollup || require('utility2'))","                .requireReadme();","            break;","        }","        // export local","        local.global.local = local;","    }());","","","","    // run shared js-env code - function","    (function () {","        return;","    }());","    switch (local.modeJs) {","","","","    // run browser js-env code - function","    case 'browser':","        break;","","","","    // run node js-env code - function","    case 'node':","        break;","    }","","","","    // run shared js-env code - post-init","    (function () {","        return;","    }());","    switch (local.modeJs) {","","","","    // run browser js-env code - post-init","    case 'browser':","        local.testCase_browser_nullCase = local.testCase_browser_nullCase || function (","            options,","            onError","        ) {","        /*","         * this function will test browsers's null-case handling-behavior-behavior","         */","            onError(null, options);","        };","","        // run tests","        local.nop(local.modeTest &&","            document.querySelector('#testRunButton1') &&","            document.querySelector('#testRunButton1').click());","        break;","","","","    // run node js-env code - post-init","    /* istanbul ignore next */","    case 'node':","        local.testCase_buildApidoc_default = local.testCase_buildApidoc_default || function (","            options,","            onError","        ) {","        /*","         * this function will test buildApidoc's default handling-behavior-behavior","         */","            options = { modulePathList: module.paths };","            local.buildApidoc(options, onError);","        };","","        local.testCase_buildApp_default = local.testCase_buildApp_default || function (","            options,","            onError","        ) {","        /*","         * this function will test buildApp's default handling-behavior-behavior","         */","            local.testCase_buildReadme_default(options, local.onErrorThrow);","            local.testCase_buildLib_default(options, local.onErrorThrow);","            local.testCase_buildTest_default(options, local.onErrorThrow);","            local.testCase_buildCustomOrg_default(options, local.onErrorThrow);","            options = [];","            local.buildApp(options, onError);","        };","","        local.testCase_buildCustomOrg_default = local.testCase_buildCustomOrg_default ||","            function (options, onError) {","            /*","             * this function will test buildCustomOrg's default handling-behavior","             */","                options = {};","                local.buildCustomOrg(options, onError);","            };","","        local.testCase_buildLib_default = local.testCase_buildLib_default || function (","            options,","            onError","        ) {","        /*","         * this function will test buildLib's default handling-behavior","         */","            options = {};","            local.buildLib(options, onError);","        };","","        local.testCase_buildReadme_default = local.testCase_buildReadme_default || function (","            options,","            onError","        ) {","        /*","         * this function will test buildReadme's default handling-behavior-behavior","         */","            options = {};","            local.buildReadme(options, onError);","        };","","        local.testCase_buildTest_default = local.testCase_buildTest_default || function (","            options,","            onError","        ) {","        /*","         * this function will test buildTest's default handling-behavior","         */","            options = {};","            local.buildTest(options, onError);","        };","","        local.testCase_webpage_default = local.testCase_webpage_default || function (","            options,","            onError","        ) {","        /*","         * this function will test webpage's default handling-behavior","         */","            options = { modeCoverageMerge: true, url: local.serverLocalHost + '?modeTest=1' };","            local.browserTest(options, onError);","        };","","        // run test-server","        local.testRunServer(local);","        break;","    }","}());",""],"l":{"12":2,"14":2,"19":2,"21":2,"23":2,"24":2,"25":2,"30":1,"37":2,"40":2,"43":1,"47":1,"50":1,"52":1,"55":2,"61":2,"62":2,"64":2,"70":1,"76":1,"82":2,"83":2,"85":2,"91":1,"98":1,"102":1,"105":1,"112":1,"119":1,"120":1,"123":1,"130":1,"131":1,"132":1,"133":1,"134":1,"135":1,"138":1,"143":2,"144":2,"147":1,"154":2,"155":2,"158":1,"165":2,"166":2,"169":1,"176":2,"177":2,"180":1,"187":1,"188":1,"192":1,"193":1}},"/home/travis/build/npmtest/node-npmtest-weixin-js-sdk/lib.npmtest_weixin_js_sdk.js":{"path":"/home/travis/build/npmtest/node-npmtest-weixin-js-sdk/lib.npmtest_weixin_js_sdk.js","s":{"1":2,"2":2,"3":2,"4":2,"5":2,"6":2,"7":2,"8":1,"9":2,"10":2,"11":2,"12":2,"13":1,"14":1,"15":1,"16":1},"b":{"1":[2,1,1,1],"2":[1,1,1,1],"3":[1,1],"4":[2,2],"5":[1,1]},"f":{"1":2,"2":2,"3":2},"fnMap":{"1":{"name":"(anonymous_1)","line":12,"loc":{"start":{"line":12,"column":1},"end":{"line":12,"column":13}}},"2":{"name":"(anonymous_2)","line":19,"loc":{"start":{"line":19,"column":5},"end":{"line":19,"column":17}}},"3":{"name":"(anonymous_3)","line":23,"loc":{"start":{"line":23,"column":24},"end":{"line":23,"column":36}}}},"statementMap":{"1":{"start":{"line":12,"column":0},"end":{"line":53,"column":5}},"2":{"start":{"line":14,"column":4},"end":{"line":14,"column":14}},"3":{"start":{"line":19,"column":4},"end":{"line":52,"column":9}},"4":{"start":{"line":21,"column":8},"end":{"line":21,"column":19}},"5":{"start":{"line":23,"column":8},"end":{"line":35,"column":13}},"6":{"start":{"line":24,"column":12},"end":{"line":34,"column":13}},"7":{"start":{"line":25,"column":16},"end":{"line":28,"column":30}},"8":{"start":{"line":30,"column":16},"end":{"line":33,"column":27}},"9":{"start":{"line":37,"column":8},"end":{"line":39,"column":21}},"10":{"start":{"line":41,"column":8},"end":{"line":41,"column":54}},"11":{"start":{"line":43,"column":8},"end":{"line":43,"column":58}},"12":{"start":{"line":45,"column":8},"end":{"line":51,"column":9}},"13":{"start":{"line":46,"column":12},"end":{"line":46,"column":64}},"14":{"start":{"line":48,"column":12},"end":{"line":48,"column":35}},"15":{"start":{"line":49,"column":12},"end":{"line":49,"column":49}},"16":{"start":{"line":50,"column":12},"end":{"line":50,"column":43}}},"branchMap":{"1":{"line":25,"type":"binary-expr","locations":[{"start":{"line":25,"column":23},"end":{"line":25,"column":62}},{"start":{"line":26,"column":20},"end":{"line":26,"column":70}},{"start":{"line":27,"column":20},"end":{"line":27,"column":71}},{"start":{"line":28,"column":20},"end":{"line":28,"column":29}}]},"2":{"line":30,"type":"binary-expr","locations":[{"start":{"line":30,"column":23},"end":{"line":30,"column":37}},{"start":{"line":31,"column":20},"end":{"line":31,"column":61}},{"start":{"line":32,"column":20},"end":{"line":32,"column":70}},{"start":{"line":33,"column":20},"end":{"line":33,"column":26}}]},"3":{"line":37,"type":"cond-expr","locations":[{"start":{"line":38,"column":14},"end":{"line":38,"column":20}},{"start":{"line":39,"column":14},"end":{"line":39,"column":20}}]},"4":{"line":41,"type":"binary-expr","locations":[{"start":{"line":41,"column":16},"end":{"line":41,"column":44}},{"start":{"line":41,"column":48},"end":{"line":41,"column":53}}]},"5":{"line":45,"type":"if","locations":[{"start":{"line":45,"column":8},"end":{"line":45,"column":8}},{"start":{"line":45,"column":8},"end":{"line":45,"column":8}}]}},"code":["/* istanbul instrument in package npmtest_weixin_js_sdk */","/*jslint","    bitwise: true,","    browser: true,","    maxerr: 8,","    maxlen: 96,","    node: true,","    nomen: true,","    regexp: true,","    stupid: true","*/","(function () {","    'use strict';","    var local;","","","","    // run shared js-env code - pre-init","    (function () {","        // init local","        local = {};","        // init modeJs","        local.modeJs = (function () {","            try {","                return typeof navigator.userAgent === 'string' &&","                    typeof document.querySelector('body') === 'object' &&","                    typeof XMLHttpRequest.prototype.open === 'function' &&","                    'browser';","            } catch (errorCaughtBrowser) {","                return module.exports &&","                    typeof process.versions.node === 'string' &&","                    typeof require('http').createServer === 'function' &&","                    'node';","            }","        }());","        // init global","        local.global = local.modeJs === 'browser'","            ? window","            : global;","        // init utility2_rollup","        local = local.global.utility2_rollup || local;","        // init lib","        local.local = local.npmtest_weixin_js_sdk = local;","        // init exports","        if (local.modeJs === 'browser') {","            local.global.utility2_npmtest_weixin_js_sdk = local;","        } else {","            module.exports = local;","            module.exports.__dirname = __dirname;","            module.exports.module = module;","        }","    }());","}());",""],"l":{"12":2,"14":2,"19":2,"21":2,"23":2,"24":2,"25":2,"30":1,"37":2,"41":2,"43":2,"45":2,"46":1,"48":1,"49":1,"50":1}},"/home/travis/build/npmtest/node-npmtest-weixin-js-sdk/example.js":{"path":"/home/travis/build/npmtest/node-npmtest-weixin-js-sdk/example.js","s":{"1":2,"2":2,"3":2,"4":2,"5":2,"6":2,"7":2,"8":1,"9":2,"10":2,"11":2,"12":2,"13":1,"14":2,"15":2,"16":2,"17":2,"18":2,"19":0,"20":2,"21":1,"22":1,"23":1,"24":1,"25":1,"26":0,"27":0,"28":1,"29":1,"30":2,"31":0,"32":0,"33":0,"34":1,"35":2,"36":2,"37":3,"38":3,"39":3,"40":3,"41":0,"42":3,"43":3,"44":3,"45":1,"46":3,"47":1,"48":1,"49":1,"50":1,"51":1,"52":1,"53":1,"54":1,"55":1,"56":1,"57":0,"58":1,"59":6,"60":6,"61":1,"62":2,"63":0,"64":2,"65":1,"66":1,"67":0,"68":0,"69":0,"70":0,"71":0,"72":0,"73":0,"74":0,"75":0,"76":0,"77":0,"78":0,"79":0,"80":0,"81":0,"82":0,"83":0},"b":{"1":[2,1,1,1],"2":[1,1,1,1],"3":[1,1],"4":[2,2],"5":[1,1],"6":[1,1],"7":[2,0],"8":[2,1,1,1,1,1],"9":[0,2,0],"10":[1,1],"11":[2,1,1],"12":[1,0],"13":[0,2],"14":[2,0,0,0,0,0,0],"15":[0,3],"16":[3,0],"17":[1,1],"18":[0,1],"19":[1,2,0,2],"20":[1,0],"21":[1,1],"22":[0,0],"23":[0,0],"24":[0,0],"25":[0,0],"26":[0,0],"27":[0,0],"28":[0,0]},"f":{"1":2,"2":2,"3":2,"4":2,"5":2,"6":2,"7":3,"8":3,"9":3,"10":1,"11":6,"12":0},"fnMap":{"1":{"name":"(anonymous_1)","line":26,"loc":{"start":{"line":26,"column":1},"end":{"line":26,"column":13}}},"2":{"name":"(anonymous_2)","line":33,"loc":{"start":{"line":33,"column":5},"end":{"line":33,"column":17}}},"3":{"name":"(anonymous_3)","line":37,"loc":{"start":{"line":37,"column":24},"end":{"line":37,"column":36}}},"4":{"name":"(anonymous_4)","line":69,"loc":{"start":{"line":69,"column":31},"end":{"line":69,"column":48}},"skip":true},"5":{"name":"(anonymous_5)","line":78,"loc":{"start":{"line":78,"column":26},"end":{"line":78,"column":45}},"skip":true},"6":{"name":"(anonymous_6)","line":123,"loc":{"start":{"line":123,"column":33},"end":{"line":123,"column":48}},"skip":true},"7":{"name":"(anonymous_7)","line":125,"loc":{"start":{"line":125,"column":27},"end":{"line":125,"column":39}},"skip":true},"8":{"name":"(anonymous_8)","line":133,"loc":{"start":{"line":133,"column":59},"end":{"line":133,"column":74}},"skip":true},"9":{"name":"(anonymous_9)","line":143,"loc":{"start":{"line":143,"column":45},"end":{"line":143,"column":62}},"skip":true},"10":{"name":"(anonymous_10)","line":144,"loc":{"start":{"line":144,"column":73},"end":{"line":144,"column":92}},"skip":true},"11":{"name":"(anonymous_11)","line":272,"loc":{"start":{"line":272,"column":51},"end":{"line":272,"column":77}},"skip":true},"12":{"name":"(anonymous_12)","line":315,"loc":{"start":{"line":315,"column":32},"end":{"line":315,"column":61}},"skip":true}},"statementMap":{"1":{"start":{"line":26,"column":0},"end":{"line":326,"column":5}},"2":{"start":{"line":28,"column":4},"end":{"line":28,"column":14}},"3":{"start":{"line":33,"column":4},"end":{"line":60,"column":9}},"4":{"start":{"line":35,"column":8},"end":{"line":35,"column":19}},"5":{"start":{"line":37,"column":8},"end":{"line":49,"column":13}},"6":{"start":{"line":38,"column":12},"end":{"line":48,"column":13}},"7":{"start":{"line":39,"column":16},"end":{"line":42,"column":30}},"8":{"start":{"line":44,"column":16},"end":{"line":47,"column":27}},"9":{"start":{"line":51,"column":8},"end":{"line":53,"column":21}},"10":{"start":{"line":55,"column":8},"end":{"line":57,"column":45}},"11":{"start":{"line":59,"column":8},"end":{"line":59,"column":35}},"12":{"start":{"line":61,"column":4},"end":{"line":325,"column":5}},"13":{"start":{"line":69,"column":8},"end":{"line":121,"column":10},"skip":true},"14":{"start":{"line":70,"column":12},"end":{"line":88,"column":13},"skip":true},"15":{"start":{"line":76,"column":16},"end":{"line":87,"column":19},"skip":true},"16":{"start":{"line":79,"column":20},"end":{"line":86,"column":21},"skip":true},"17":{"start":{"line":82,"column":24},"end":{"line":82,"column":43},"skip":true},"18":{"start":{"line":83,"column":24},"end":{"line":83,"column":30},"skip":true},"19":{"start":{"line":85,"column":24},"end":{"line":85,"column":49},"skip":true},"20":{"start":{"line":89,"column":12},"end":{"line":107,"column":13},"skip":true},"21":{"start":{"line":92,"column":16},"end":{"line":102,"column":17},"skip":true},"22":{"start":{"line":93,"column":20},"end":{"line":93,"column":86},"skip":true},"23":{"start":{"line":94,"column":20},"end":{"line":95,"column":45},"skip":true},"24":{"start":{"line":96,"column":20},"end":{"line":96,"column":42},"skip":true},"25":{"start":{"line":97,"column":20},"end":{"line":97,"column":48},"skip":true},"26":{"start":{"line":100,"column":20},"end":{"line":100,"column":85},"skip":true},"27":{"start":{"line":101,"column":20},"end":{"line":101,"column":96},"skip":true},"28":{"start":{"line":103,"column":16},"end":{"line":103,"column":22},"skip":true},"29":{"start":{"line":106,"column":16},"end":{"line":106,"column":22},"skip":true},"30":{"start":{"line":108,"column":12},"end":{"line":120,"column":13},"skip":true},"31":{"start":{"line":114,"column":16},"end":{"line":119,"column":17},"skip":true},"32":{"start":{"line":116,"column":20},"end":{"line":116,"column":78},"skip":true},"33":{"start":{"line":118,"column":20},"end":{"line":118,"column":47},"skip":true},"34":{"start":{"line":123,"column":8},"end":{"line":141,"column":11},"skip":true},"35":{"start":{"line":124,"column":12},"end":{"line":124,"column":54},"skip":true},"36":{"start":{"line":125,"column":12},"end":{"line":140,"column":14},"skip":true},"37":{"start":{"line":126,"column":16},"end":{"line":126,"column":28},"skip":true},"38":{"start":{"line":127,"column":16},"end":{"line":127,"column":69},"skip":true},"39":{"start":{"line":128,"column":16},"end":{"line":128,"column":75},"skip":true},"40":{"start":{"line":129,"column":16},"end":{"line":131,"column":17},"skip":true},"41":{"start":{"line":130,"column":20},"end":{"line":130,"column":27},"skip":true},"42":{"start":{"line":133,"column":16},"end":{"line":137,"column":36},"skip":true},"43":{"start":{"line":134,"column":20},"end":{"line":136,"column":55},"skip":true},"44":{"start":{"line":139,"column":16},"end":{"line":139,"column":57},"skip":true},"45":{"start":{"line":143,"column":8},"end":{"line":147,"column":11},"skip":true},"46":{"start":{"line":144,"column":12},"end":{"line":146,"column":15},"skip":true},"47":{"start":{"line":145,"column":16},"end":{"line":145,"column":70},"skip":true},"48":{"start":{"line":149,"column":8},"end":{"line":149,"column":31},"skip":true},"49":{"start":{"line":150,"column":8},"end":{"line":150,"column":14},"skip":true},"50":{"start":{"line":158,"column":8},"end":{"line":158,"column":31},"skip":true},"51":{"start":{"line":160,"column":8},"end":{"line":160,"column":33},"skip":true},"52":{"start":{"line":161,"column":8},"end":{"line":161,"column":37},"skip":true},"53":{"start":{"line":162,"column":8},"end":{"line":162,"column":35},"skip":true},"54":{"start":{"line":164,"column":8},"end":{"line":164,"column":50},"skip":true},"55":{"start":{"line":166,"column":8},"end":{"line":256,"column":2},"skip":true},"56":{"start":{"line":258,"column":8},"end":{"line":286,"column":9},"skip":true},"57":{"start":{"line":259,"column":12},"end":{"line":269,"column":14},"skip":true},"58":{"start":{"line":271,"column":12},"end":{"line":285,"column":19},"skip":true},"59":{"start":{"line":274,"column":20},"end":{"line":274,"column":35},"skip":true},"60":{"start":{"line":275,"column":20},"end":{"line":284,"column":21},"skip":true},"61":{"start":{"line":277,"column":24},"end":{"line":277,"column":64},"skip":true},"62":{"start":{"line":279,"column":24},"end":{"line":279,"column":40},"skip":true},"63":{"start":{"line":281,"column":24},"end":{"line":281,"column":40},"skip":true},"64":{"start":{"line":283,"column":24},"end":{"line":283,"column":39},"skip":true},"65":{"start":{"line":288,"column":8},"end":{"line":290,"column":9},"skip":true},"66":{"start":{"line":289,"column":12},"end":{"line":289,"column":18},"skip":true},"67":{"start":{"line":291,"column":8},"end":{"line":293,"column":54},"skip":true},"68":{"start":{"line":296,"column":8},"end":{"line":301,"column":37},"skip":true},"69":{"start":{"line":303,"column":8},"end":{"line":303,"column":82},"skip":true},"70":{"start":{"line":306,"column":8},"end":{"line":308,"column":9},"skip":true},"71":{"start":{"line":307,"column":12},"end":{"line":307,"column":82},"skip":true},"72":{"start":{"line":310,"column":8},"end":{"line":312,"column":9},"skip":true},"73":{"start":{"line":311,"column":12},"end":{"line":311,"column":18},"skip":true},"74":{"start":{"line":313,"column":8},"end":{"line":313,"column":54},"skip":true},"75":{"start":{"line":314,"column":8},"end":{"line":314,"column":69},"skip":true},"76":{"start":{"line":315,"column":8},"end":{"line":323,"column":36},"skip":true},"77":{"start":{"line":316,"column":12},"end":{"line":316,"column":61},"skip":true},"78":{"start":{"line":317,"column":12},"end":{"line":320,"column":13},"skip":true},"79":{"start":{"line":318,"column":16},"end":{"line":318,"column":75},"skip":true},"80":{"start":{"line":319,"column":16},"end":{"line":319,"column":23},"skip":true},"81":{"start":{"line":321,"column":12},"end":{"line":321,"column":38},"skip":true},"82":{"start":{"line":322,"column":12},"end":{"line":322,"column":27},"skip":true},"83":{"start":{"line":324,"column":8},"end":{"line":324,"column":14},"skip":true}},"branchMap":{"1":{"line":39,"type":"binary-expr","locations":[{"start":{"line":39,"column":23},"end":{"line":39,"column":62}},{"start":{"line":40,"column":20},"end":{"line":40,"column":70}},{"start":{"line":41,"column":20},"end":{"line":41,"column":71}},{"start":{"line":42,"column":20},"end":{"line":42,"column":29}}]},"2":{"line":44,"type":"binary-expr","locations":[{"start":{"line":44,"column":23},"end":{"line":44,"column":37}},{"start":{"line":45,"column":20},"end":{"line":45,"column":61}},{"start":{"line":46,"column":20},"end":{"line":46,"column":70}},{"start":{"line":47,"column":20},"end":{"line":47,"column":26}}]},"3":{"line":51,"type":"cond-expr","locations":[{"start":{"line":52,"column":14},"end":{"line":52,"column":20}},{"start":{"line":53,"column":14},"end":{"line":53,"column":20}}]},"4":{"line":55,"type":"binary-expr","locations":[{"start":{"line":55,"column":16},"end":{"line":55,"column":44}},{"start":{"line":55,"column":49},"end":{"line":57,"column":43}}]},"5":{"line":55,"type":"cond-expr","locations":[{"start":{"line":56,"column":14},"end":{"line":56,"column":57}},{"start":{"line":57,"column":14},"end":{"line":57,"column":43}}]},"6":{"line":61,"type":"switch","locations":[{"start":{"line":68,"column":4},"end":{"line":150,"column":14},"skip":true},{"start":{"line":156,"column":4},"end":{"line":324,"column":14},"skip":true}]},"7":{"line":70,"type":"if","locations":[{"start":{"line":70,"column":12},"end":{"line":70,"column":12},"skip":true},{"start":{"line":70,"column":12},"end":{"line":70,"column":12},"skip":true}]},"8":{"line":70,"type":"binary-expr","locations":[{"start":{"line":70,"column":16},"end":{"line":70,"column":22},"skip":true},{"start":{"line":70,"column":27},"end":{"line":70,"column":32},"skip":true},{"start":{"line":71,"column":20},"end":{"line":71,"column":39},"skip":true},{"start":{"line":72,"column":20},"end":{"line":72,"column":49},"skip":true},{"start":{"line":73,"column":20},"end":{"line":73,"column":58},"skip":true},{"start":{"line":74,"column":20},"end":{"line":74,"column":69},"skip":true}]},"9":{"line":79,"type":"switch","locations":[{"start":{"line":80,"column":20},"end":{"line":80,"column":33},"skip":true},{"start":{"line":81,"column":20},"end":{"line":83,"column":30},"skip":true},{"start":{"line":84,"column":20},"end":{"line":85,"column":49},"skip":true}]},"10":{"line":89,"type":"switch","locations":[{"start":{"line":90,"column":12},"end":{"line":103,"column":22},"skip":true},{"start":{"line":105,"column":12},"end":{"line":106,"column":22},"skip":true}]},"11":{"line":89,"type":"binary-expr","locations":[{"start":{"line":89,"column":20},"end":{"line":89,"column":25},"skip":true},{"start":{"line":89,"column":29},"end":{"line":89,"column":48},"skip":true},{"start":{"line":89,"column":52},"end":{"line":89,"column":74},"skip":true}]},"12":{"line":92,"type":"if","locations":[{"start":{"line":92,"column":16},"end":{"line":92,"column":16},"skip":true},{"start":{"line":92,"column":16},"end":{"line":92,"column":16},"skip":true}]},"13":{"line":108,"type":"if","locations":[{"start":{"line":108,"column":12},"end":{"line":108,"column":12},"skip":true},{"start":{"line":108,"column":12},"end":{"line":108,"column":12},"skip":true}]},"14":{"line":108,"type":"binary-expr","locations":[{"start":{"line":108,"column":16},"end":{"line":108,"column":61},"skip":true},{"start":{"line":108,"column":66},"end":{"line":108,"column":72},"skip":true},{"start":{"line":108,"column":77},"end":{"line":108,"column":82},"skip":true},{"start":{"line":109,"column":20},"end":{"line":109,"column":39},"skip":true},{"start":{"line":110,"column":20},"end":{"line":110,"column":49},"skip":true},{"start":{"line":111,"column":20},"end":{"line":111,"column":58},"skip":true},{"start":{"line":112,"column":20},"end":{"line":112,"column":68},"skip":true}]},"15":{"line":129,"type":"if","locations":[{"start":{"line":129,"column":16},"end":{"line":129,"column":16},"skip":true},{"start":{"line":129,"column":16},"end":{"line":129,"column":16},"skip":true}]},"16":{"line":134,"type":"cond-expr","locations":[{"start":{"line":135,"column":26},"end":{"line":135,"column":29},"skip":true},{"start":{"line":136,"column":26},"end":{"line":136,"column":54},"skip":true}]},"17":{"line":164,"type":"binary-expr","locations":[{"start":{"line":164,"column":27},"end":{"line":164,"column":43},"skip":true},{"start":{"line":164,"column":47},"end":{"line":164,"column":49},"skip":true}]},"18":{"line":258,"type":"if","locations":[{"start":{"line":258,"column":8},"end":{"line":258,"column":8},"skip":true},{"start":{"line":258,"column":8},"end":{"line":258,"column":8},"skip":true}]},"19":{"line":275,"type":"switch","locations":[{"start":{"line":276,"column":20},"end":{"line":277,"column":64},"skip":true},{"start":{"line":278,"column":20},"end":{"line":279,"column":40},"skip":true},{"start":{"line":280,"column":20},"end":{"line":281,"column":40},"skip":true},{"start":{"line":282,"column":20},"end":{"line":283,"column":39},"skip":true}]},"20":{"line":288,"type":"if","locations":[{"start":{"line":288,"column":8},"end":{"line":288,"column":8},"skip":true},{"start":{"line":288,"column":8},"end":{"line":288,"column":8},"skip":true}]},"21":{"line":288,"type":"binary-expr","locations":[{"start":{"line":288,"column":12},"end":{"line":288,"column":40},"skip":true},{"start":{"line":288,"column":44},"end":{"line":288,"column":67},"skip":true}]},"22":{"line":292,"type":"binary-expr","locations":[{"start":{"line":292,"column":12},"end":{"line":292,"column":50},"skip":true},{"start":{"line":293,"column":12},"end":{"line":293,"column":53},"skip":true}]},"23":{"line":297,"type":"binary-expr","locations":[{"start":{"line":297,"column":12},"end":{"line":297,"column":71},"skip":true},{"start":{"line":298,"column":12},"end":{"line":301,"column":36},"skip":true}]},"24":{"line":303,"type":"binary-expr","locations":[{"start":{"line":303,"column":43},"end":{"line":303,"column":75},"skip":true},{"start":{"line":303,"column":79},"end":{"line":303,"column":81},"skip":true}]},"25":{"line":306,"type":"if","locations":[{"start":{"line":306,"column":8},"end":{"line":306,"column":8},"skip":true},{"start":{"line":306,"column":8},"end":{"line":306,"column":8},"skip":true}]},"26":{"line":310,"type":"if","locations":[{"start":{"line":310,"column":8},"end":{"line":310,"column":8},"skip":true},{"start":{"line":310,"column":8},"end":{"line":310,"column":8},"skip":true}]},"27":{"line":313,"type":"binary-expr","locations":[{"start":{"line":313,"column":27},"end":{"line":313,"column":43},"skip":true},{"start":{"line":313,"column":47},"end":{"line":313,"column":53},"skip":true}]},"28":{"line":317,"type":"if","locations":[{"start":{"line":317,"column":12},"end":{"line":317,"column":12},"skip":true},{"start":{"line":317,"column":12},"end":{"line":317,"column":12},"skip":true}]}},"code":["/*","example.js","","quickstart example","","instruction","    1. save this script as example.js","    2. run the shell command:","        $ npm install npmtest-weixin-js-sdk && PORT=8081 node example.js","    3. play with the browser-demo on http://127.0.0.1:8081","*/","","","","/* istanbul instrument in package npmtest_weixin_js_sdk */","/*jslint","    bitwise: true,","    browser: true,","    maxerr: 8,","    maxlen: 96,","    node: true,","    nomen: true,","    regexp: true,","    stupid: true","*/","(function () {","    'use strict';","    var local;","","","","    // run shared js-env code - pre-init","    (function () {","        // init local","        local = {};","        // init modeJs","        local.modeJs = (function () {","            try {","                return typeof navigator.userAgent === 'string' &&","                    typeof document.querySelector('body') === 'object' &&","                    typeof XMLHttpRequest.prototype.open === 'function' &&","                    'browser';","            } catch (errorCaughtBrowser) {","                return module.exports &&","                    typeof process.versions.node === 'string' &&","                    typeof require('http').createServer === 'function' &&","                    'node';","            }","        }());","        // init global","        local.global = local.modeJs === 'browser'","            ? window","            : global;","        // init utility2_rollup","        local = local.global.utility2_rollup || (local.modeJs === 'browser'","            ? local.global.utility2_npmtest_weixin_js_sdk","            : global.utility2_moduleExports);","        // export local","        local.global.local = local;","    }());","    switch (local.modeJs) {","","","","    // post-init","    // run browser js-env code - post-init","    /* istanbul ignore next */","    case 'browser':","        local.testRunBrowser = function (event) {","            if (!event || (event &&","                    event.currentTarget &&","                    event.currentTarget.className &&","                    event.currentTarget.className.includes &&","                    event.currentTarget.className.includes('onreset'))) {","                // reset output","                Array.from(","                    document.querySelectorAll('body > .resettable')","                ).forEach(function (element) {","                    switch (element.tagName) {","                    case 'INPUT':","                    case 'TEXTAREA':","                        element.value = '';","                        break;","                    default:","                        element.textContent = '';","                    }","                });","            }","            switch (event && event.currentTarget && event.currentTarget.id) {","            case 'testRunButton1':","                // show tests","                if (document.querySelector('#testReportDiv1').style.display === 'none') {","                    document.querySelector('#testReportDiv1').style.display = 'block';","                    document.querySelector('#testRunButton1').textContent =","                        'hide internal test';","                    local.modeTest = true;","                    local.testRunDefault(local);","                // hide tests","                } else {","                    document.querySelector('#testReportDiv1').style.display = 'none';","                    document.querySelector('#testRunButton1').textContent = 'run internal test';","                }","                break;","            // custom-case","            default:","                break;","            }","            if (document.querySelector('#inputTextareaEval1') && (!event || (event &&","                    event.currentTarget &&","                    event.currentTarget.className &&","                    event.currentTarget.className.includes &&","                    event.currentTarget.className.includes('oneval')))) {","                // try to eval input-code","                try {","                    /*jslint evil: true*/","                    eval(document.querySelector('#inputTextareaEval1').value);","                } catch (errorCaught) {","                    console.error(errorCaught);","                }","            }","        };","        // log stderr and stdout to #outputTextareaStdout1","        ['error', 'log'].forEach(function (key) {","            console[key + '_original'] = console[key];","            console[key] = function () {","                var element;","                console[key + '_original'].apply(console, arguments);","                element = document.querySelector('#outputTextareaStdout1');","                if (!element) {","                    return;","                }","                // append text to #outputTextareaStdout1","                element.value += Array.from(arguments).map(function (arg) {","                    return typeof arg === 'string'","                        ? arg","                        : JSON.stringify(arg, null, 4);","                }).join(' ') + '\\n';","                // scroll textarea to bottom","                element.scrollTop = element.scrollHeight;","            };","        });","        // init event-handling","        ['change', 'click', 'keyup'].forEach(function (event) {","            Array.from(document.querySelectorAll('.on' + event)).forEach(function (element) {","                element.addEventListener(event, local.testRunBrowser);","            });","        });","        // run tests","        local.testRunBrowser();","        break;","","","","    // run node js-env code - post-init","    /* istanbul ignore next */","    case 'node':","        // export local","        module.exports = local;","        // require modules","        local.fs = require('fs');","        local.http = require('http');","        local.url = require('url');","        // init assets","        local.assetsDict = local.assetsDict || {};","        /* jslint-ignore-begin */","        local.assetsDict['/assets.index.template.html'] = '\\","<!doctype html>\\n\\","<html lang=\"en\">\\n\\","<head>\\n\\","<meta charset=\"UTF-8\">\\n\\","<meta name=\"viewport\" content=\"width=device-width, initial-scale=1\">\\n\\","<title>{{env.npm_package_name}} (v{{env.npm_package_version}})</title>\\n\\","<style>\\n\\","/*csslint\\n\\","    box-sizing: false,\\n\\","    universal-selector: false\\n\\","*/\\n\\","* {\\n\\","    box-sizing: border-box;\\n\\","}\\n\\","body {\\n\\","    background: #dde;\\n\\","    font-family: Arial, Helvetica, sans-serif;\\n\\","    margin: 2rem;\\n\\","}\\n\\","body > * {\\n\\","    margin-bottom: 1rem;\\n\\","}\\n\\",".utility2FooterDiv {\\n\\","    margin-top: 20px;\\n\\","    text-align: center;\\n\\","}\\n\\","</style>\\n\\","<style>\\n\\","/*csslint\\n\\","*/\\n\\","textarea {\\n\\","    font-family: monospace;\\n\\","    height: 10rem;\\n\\","    width: 100%;\\n\\","}\\n\\","textarea[readonly] {\\n\\","    background: #ddd;\\n\\","}\\n\\","</style>\\n\\","</head>\\n\\","<body>\\n\\","<!-- utility2-comment\\n\\","<div id=\"ajaxProgressDiv1\" style=\"background: #d00; height: 2px; left: 0; margin: 0; padding: 0; position: fixed; top: 0; transition: background 0.5s, width 1.5s; width: 25%;\"></div>\\n\\","utility2-comment -->\\n\\","<h1>\\n\\","<!-- utility2-comment\\n\\","    <a\\n\\","        {{#if env.npm_package_homepage}}\\n\\","        href=\"{{env.npm_package_homepage}}\"\\n\\","        {{/if env.npm_package_homepage}}\\n\\","        target=\"_blank\"\\n\\","    >\\n\\","utility2-comment -->\\n\\","        {{env.npm_package_name}} (v{{env.npm_package_version}})\\n\\","<!-- utility2-comment\\n\\","    </a>\\n\\","utility2-comment -->\\n\\","</h1>\\n\\","<h3>{{env.npm_package_description}}</h3>\\n\\","<!-- utility2-comment\\n\\","<h4><a download href=\"assets.app.js\">download standalone app</a></h4>\\n\\","<button class=\"onclick onreset\" id=\"testRunButton1\">run internal test</button><br>\\n\\","<div id=\"testReportDiv1\" style=\"display: none;\"></div>\\n\\","utility2-comment -->\\n\\","\\n\\","\\n\\","\\n\\","<label>stderr and stdout</label>\\n\\","<textarea class=\"resettable\" id=\"outputTextareaStdout1\" readonly></textarea>\\n\\","<!-- utility2-comment\\n\\","{{#if isRollup}}\\n\\","<script src=\"assets.app.js\"></script>\\n\\","{{#unless isRollup}}\\n\\","utility2-comment -->\\n\\","<script src=\"assets.utility2.rollup.js\"></script>\\n\\","<script src=\"jsonp.utility2._stateInit?callback=window.utility2._stateInit\"></script>\\n\\","<script src=\"assets.npmtest_weixin_js_sdk.rollup.js\"></script>\\n\\","<script src=\"assets.example.js\"></script>\\n\\","<script src=\"assets.test.js\"></script>\\n\\","<!-- utility2-comment\\n\\","{{/if isRollup}}\\n\\","utility2-comment -->\\n\\","<div class=\"utility2FooterDiv\">\\n\\","    [ this app was created with\\n\\","    <a href=\"https://github.com/kaizhu256/node-utility2\" target=\"_blank\">utility2</a>\\n\\","    ]\\n\\","</div>\\n\\","</body>\\n\\","</html>\\n\\","';","        /* jslint-ignore-end */","        if (local.templateRender) {","            local.assetsDict['/'] = local.templateRender(","                local.assetsDict['/assets.index.template.html'],","                {","                    env: local.objectSetDefault(local.env, {","                        npm_package_description: 'the greatest app in the world!',","                        npm_package_name: 'my-app',","                        npm_package_nameAlias: 'my_app',","                        npm_package_version: '0.0.1'","                    })","                }","            );","        } else {","            local.assetsDict['/'] = local.assetsDict['/assets.index.template.html']","                .replace((/\\{\\{env\\.(\\w+?)\\}\\}/g), function (match0, match1) {","                    // jslint-hack","                    String(match0);","                    switch (match1) {","                    case 'npm_package_description':","                        return 'the greatest app in the world!';","                    case 'npm_package_name':","                        return 'my-app';","                    case 'npm_package_nameAlias':","                        return 'my_app';","                    case 'npm_package_version':","                        return '0.0.1';","                    }","                });","        }","        // run the cli","        if (local.global.utility2_rollup || module !== require.main) {","            break;","        }","        local.assetsDict['/assets.example.js'] =","            local.assetsDict['/assets.example.js'] ||","            local.fs.readFileSync(__filename, 'utf8');","        // bug-workaround - long $npm_package_buildCustomOrg","        /* jslint-ignore-begin */","        local.assetsDict['/assets.npmtest_weixin_js_sdk.rollup.js'] =","            local.assetsDict['/assets.npmtest_weixin_js_sdk.rollup.js'] ||","            local.fs.readFileSync(","                local.npmtest_weixin_js_sdk.__dirname + '/lib.npmtest_weixin_js_sdk.js',","                'utf8'","            ).replace((/^#!/), '//');","        /* jslint-ignore-end */","        local.assetsDict['/favicon.ico'] = local.assetsDict['/favicon.ico'] || '';","        // if $npm_config_timeout_exit exists,","        // then exit this process after $npm_config_timeout_exit ms","        if (Number(process.env.npm_config_timeout_exit)) {","            setTimeout(process.exit, Number(process.env.npm_config_timeout_exit));","        }","        // start server","        if (local.global.utility2_serverHttp1) {","            break;","        }","        process.env.PORT = process.env.PORT || '8081';","        console.error('server starting on port ' + process.env.PORT);","        local.http.createServer(function (request, response) {","            request.urlParsed = local.url.parse(request.url);","            if (local.assetsDict[request.urlParsed.pathname] !== undefined) {","                response.end(local.assetsDict[request.urlParsed.pathname]);","                return;","            }","            response.statusCode = 404;","            response.end();","        }).listen(process.env.PORT);","        break;","    }","}());",""],"l":{"26":2,"28":2,"33":2,"35":2,"37":2,"38":2,"39":2,"44":1,"51":2,"55":2,"59":2,"61":2,"69":1,"70":2,"76":2,"79":2,"82":2,"83":2,"85":1,"89":2,"92":1,"93":1,"94":1,"96":1,"97":1,"100":1,"101":1,"103":1,"106":1,"108":2,"114":1,"116":1,"118":1,"123":1,"124":2,"125":2,"126":3,"127":3,"128":3,"129":3,"130":1,"133":3,"134":3,"139":3,"143":1,"144":3,"145":1,"149":1,"150":1,"158":1,"160":1,"161":1,"162":1,"164":1,"166":1,"258":1,"259":1,"271":1,"274":6,"275":6,"277":1,"279":2,"281":1,"283":2,"288":1,"289":1,"291":1,"296":1,"303":1,"306":1,"307":1,"310":1,"311":1,"313":1,"314":1,"315":1,"316":1,"317":1,"318":1,"319":1,"321":1,"322":1,"324":1}},"/home/travis/build/npmtest/node-npmtest-weixin-js-sdk/node_modules/weixin-js-sdk/index.js":{"path":"/home/travis/build/npmtest/node-npmtest-weixin-js-sdk/node_modules/weixin-js-sdk/index.js","s":{"1":2,"2":0,"3":1,"4":0,"5":0,"6":1,"7":0,"8":0,"9":1,"10":0,"11":1,"12":0,"13":1,"14":0,"15":1,"16":0,"17":0,"18":0,"19":0,"20":0,"21":0,"22":0,"23":0,"24":0,"25":0,"26":0,"27":1,"28":0,"29":0,"30":0,"31":0,"32":0,"33":0,"34":0,"35":1,"36":0,"37":0,"38":0,"39":0,"40":0,"41":1,"42":0,"43":0,"44":0,"45":1,"46":0,"47":0,"48":0,"49":0,"50":0,"51":0,"52":1,"53":0,"54":1,"55":0,"56":1,"57":0,"58":0,"59":0,"60":0,"61":0,"62":0,"63":0,"64":0,"65":0,"66":0,"67":0,"68":0,"69":0,"70":0,"71":0,"72":0,"73":0,"74":0,"75":0,"76":0,"77":0,"78":0,"79":0,"80":0,"81":0,"82":0,"83":0,"84":0,"85":0,"86":0,"87":0,"88":0,"89":0,"90":0,"91":0,"92":0,"93":0,"94":0,"95":0,"96":0,"97":0,"98":0,"99":0,"100":0,"101":0,"102":0,"103":0,"104":0,"105":0,"106":0,"107":0,"108":0,"109":0,"110":0,"111":0,"112":0,"113":0,"114":0,"115":0,"116":0,"117":0,"118":0,"119":0,"120":0,"121":0,"122":0,"123":0,"124":0,"125":0,"126":0,"127":0,"128":0,"129":0,"130":0,"131":0,"132":0,"133":0,"134":0,"135":0,"136":0,"137":0,"138":0,"139":0,"140":0,"141":0,"142":0,"143":0,"144":0,"145":0,"146":0,"147":0,"148":0,"149":0,"150":0,"151":0,"152":0,"153":0,"154":0,"155":0,"156":0,"157":0,"158":0,"159":0,"160":0,"161":0,"162":0,"163":0,"164":0,"165":0,"166":0,"167":0,"168":0,"169":0,"170":0,"171":0,"172":0,"173":0,"174":0,"175":0,"176":0,"177":0,"178":0,"179":0,"180":0,"181":0,"182":0,"183":0,"184":0,"185":0,"186":0,"187":0,"188":0,"189":0,"190":0,"191":0,"192":0,"193":0,"194":0,"195":0,"196":0,"197":0,"198":0,"199":0,"200":0,"201":0,"202":0,"203":0,"204":0,"205":0,"206":0,"207":0,"208":0,"209":0,"210":0,"211":0,"212":0,"213":0,"214":0,"215":0,"216":0,"217":0},"b":{"1":[0,0],"2":[0,0],"3":[0,0,0],"4":[0,0],"5":[0,0],"6":[0,0],"7":[0,0],"8":[0,0],"9":[0,0],"10":[0,0],"11":[0,0],"12":[0,0,0],"13":[0,0,0],"14":[0,0],"15":[0,0],"16":[0,0],"17":[0,0],"18":[0,0],"19":[0,0],"20":[0,0],"21":[0,0],"22":[0,0],"23":[0,0],"24":[0,0,0],"25":[0,0,0],"26":[0,0],"27":[0,0],"28":[0,0],"29":[0,0],"30":[0,0,0],"31":[0,0],"32":[0,0,0],"33":[0,0],"34":[0,0],"35":[0,0,0,0,0],"36":[0,0],"37":[0,0],"38":[0,0],"39":[0,0],"40":[0,0],"41":[0,0],"42":[0,0],"43":[0,0],"44":[0,0],"45":[0,0],"46":[0,0],"47":[0,0],"48":[0,0],"49":[0,0],"50":[0,0],"51":[0,0],"52":[0,0],"53":[0,0],"54":[0,0,0],"55":[0,0],"56":[0,0],"57":[0,0],"58":[0,0],"59":[0,0],"60":[0,0],"61":[0,0],"62":[0,0],"63":[0,0],"64":[0,0],"65":[0,0],"66":[0,0],"67":[0,0],"68":[0,0],"69":[0,0],"70":[0,0],"71":[0,0],"72":[0,0],"73":[0,0],"74":[0,0],"75":[0,0],"76":[0,0],"77":[0,0],"78":[0,0],"79":[0,0],"80":[0,0],"81":[0,0],"82":[0,0],"83":[0,0],"84":[0,0],"85":[0,0],"86":[0,0],"87":[0,0],"88":[0,0],"89":[0,0],"90":[0,0],"91":[0,0],"92":[0,0],"93":[0,0],"94":[0,0],"95":[0,0],"96":[0,0],"97":[0,0,0,0],"98":[0,0],"99":[0,0],"100":[0,0],"101":[0,0],"102":[0,0],"103":[0,0],"104":[0,0],"105":[0,0],"106":[0,0],"107":[0,0],"108":[0,0],"109":[0,0],"110":[0,0,0],"111":[0,0],"112":[0,0],"113":[0,0],"114":[0,0],"115":[0,0],"116":[0,0],"117":[0,0],"118":[0,0],"119":[0,0],"120":[0,0,0,0],"121":[0,0],"122":[0,0],"123":[0,0],"124":[0,0],"125":[0,0],"126":[0,0,0,0],"127":[0,0],"128":[0,0]},"f":{"1":0,"2":0,"3":0,"4":0,"5":0,"6":0,"7":0,"8":0,"9":0,"10":0,"11":0,"12":0,"13":0,"14":0,"15":0,"16":0,"17":0,"18":0,"19":0,"20":0,"21":0,"22":0,"23":0,"24":0,"25":0,"26":0,"27":0,"28":0,"29":0,"30":0,"31":0,"32":0,"33":0,"34":0,"35":0,"36":0,"37":0,"38":0,"39":0,"40":0,"41":0,"42":0,"43":0,"44":0,"45":0,"46":0,"47":0,"48":0,"49":0,"50":0,"51":0,"52":0,"53":0,"54":0,"55":0,"56":0,"57":0,"58":0,"59":0,"60":0,"61":0,"62":0,"63":0,"64":0,"65":0,"66":0,"67":0,"68":0,"69":0,"70":0,"71":0,"72":0,"73":0,"74":0,"75":0,"76":0,"77":0,"78":0,"79":0,"80":0,"81":0,"82":0,"83":0,"84":0,"85":0,"86":0,"87":0,"88":0,"89":0,"90":0,"91":0,"92":0,"93":0,"94":0,"95":0,"96":0,"97":0,"98":0,"99":0,"100":0,"101":0,"102":0,"103":0,"104":0,"105":0,"106":0},"fnMap":{"1":{"name":"(anonymous_1)","line":1,"loc":{"start":{"line":1,"column":1},"end":{"line":1,"column":17}}},"2":{"name":"(anonymous_2)","line":3,"loc":{"start":{"line":3,"column":10},"end":{"line":3,"column":26}}},"3":{"name":"c","line":4,"loc":{"start":{"line":4,"column":4},"end":{"line":4,"column":24}}},"4":{"name":"(anonymous_4)","line":5,"loc":{"start":{"line":5,"column":58},"end":{"line":5,"column":71}}},"5":{"name":"d","line":10,"loc":{"start":{"line":10,"column":4},"end":{"line":10,"column":24}}},"6":{"name":"(anonymous_6)","line":11,"loc":{"start":{"line":11,"column":48},"end":{"line":11,"column":61}}},"7":{"name":"e","line":16,"loc":{"start":{"line":16,"column":4},"end":{"line":16,"column":18}}},"8":{"name":"f","line":20,"loc":{"start":{"line":20,"column":4},"end":{"line":20,"column":18}}},"9":{"name":"g","line":30,"loc":{"start":{"line":30,"column":4},"end":{"line":30,"column":18}}},"10":{"name":"h","line":34,"loc":{"start":{"line":34,"column":4},"end":{"line":34,"column":24}}},"11":{"name":"i","line":52,"loc":{"start":{"line":52,"column":4},"end":{"line":52,"column":21}}},"12":{"name":"j","line":63,"loc":{"start":{"line":63,"column":4},"end":{"line":63,"column":18}}},"13":{"name":"k","line":73,"loc":{"start":{"line":73,"column":4},"end":{"line":73,"column":21}}},"14":{"name":"l","line":80,"loc":{"start":{"line":80,"column":4},"end":{"line":80,"column":18}}},"15":{"name":"(anonymous_15)","line":85,"loc":{"start":{"line":85,"column":25},"end":{"line":85,"column":38}}},"16":{"name":"m","line":94,"loc":{"start":{"line":94,"column":4},"end":{"line":94,"column":17}}},"17":{"name":"n","line":98,"loc":{"start":{"line":98,"column":4},"end":{"line":98,"column":18}}},"18":{"name":"o","line":102,"loc":{"start":{"line":102,"column":4},"end":{"line":102,"column":17}}},"19":{"name":"(anonymous_19)","line":103,"loc":{"start":{"line":103,"column":32},"end":{"line":103,"column":51}}},"20":{"name":"(anonymous_20)","line":105,"loc":{"start":{"line":105,"column":18},"end":{"line":105,"column":34}}},"21":{"name":"(anonymous_21)","line":130,"loc":{"start":{"line":130,"column":15},"end":{"line":130,"column":27}}},"22":{"name":"(anonymous_22)","line":134,"loc":{"start":{"line":134,"column":330},"end":{"line":134,"column":342}}},"23":{"name":"(anonymous_23)","line":148,"loc":{"start":{"line":148,"column":10},"end":{"line":148,"column":22}}},"24":{"name":"(anonymous_24)","line":152,"loc":{"start":{"line":152,"column":20},"end":{"line":152,"column":33}}},"25":{"name":"(anonymous_25)","line":155,"loc":{"start":{"line":155,"column":18},"end":{"line":155,"column":30}}},"26":{"name":"(anonymous_26)","line":156,"loc":{"start":{"line":156,"column":73},"end":{"line":156,"column":85}}},"27":{"name":"(anonymous_27)","line":157,"loc":{"start":{"line":157,"column":38},"end":{"line":157,"column":51}}},"28":{"name":"(anonymous_28)","line":159,"loc":{"start":{"line":159,"column":39},"end":{"line":159,"column":52}}},"29":{"name":"(anonymous_29)","line":161,"loc":{"start":{"line":161,"column":36},"end":{"line":161,"column":49}}},"30":{"name":"(anonymous_30)","line":165,"loc":{"start":{"line":165,"column":38},"end":{"line":165,"column":50}}},"31":{"name":"(anonymous_31)","line":167,"loc":{"start":{"line":167,"column":41},"end":{"line":167,"column":54}}},"32":{"name":"(anonymous_32)","line":177,"loc":{"start":{"line":177,"column":22},"end":{"line":177,"column":35}}},"33":{"name":"(anonymous_33)","line":179,"loc":{"start":{"line":179,"column":22},"end":{"line":179,"column":35}}},"34":{"name":"(anonymous_34)","line":181,"loc":{"start":{"line":181,"column":27},"end":{"line":181,"column":40}}},"35":{"name":"(anonymous_35)","line":182,"loc":{"start":{"line":182,"column":24},"end":{"line":182,"column":37}}},"36":{"name":"(anonymous_36)","line":190,"loc":{"start":{"line":190,"column":61},"end":{"line":190,"column":73}}},"37":{"name":"(anonymous_37)","line":191,"loc":{"start":{"line":191,"column":41},"end":{"line":191,"column":54}}},"38":{"name":"(anonymous_38)","line":199,"loc":{"start":{"line":199,"column":36},"end":{"line":199,"column":49}}},"39":{"name":"(anonymous_39)","line":201,"loc":{"start":{"line":201,"column":30},"end":{"line":201,"column":42}}},"40":{"name":"(anonymous_40)","line":212,"loc":{"start":{"line":212,"column":38},"end":{"line":212,"column":51}}},"41":{"name":"(anonymous_41)","line":214,"loc":{"start":{"line":214,"column":30},"end":{"line":214,"column":42}}},"42":{"name":"(anonymous_42)","line":225,"loc":{"start":{"line":225,"column":30},"end":{"line":225,"column":43}}},"43":{"name":"(anonymous_43)","line":227,"loc":{"start":{"line":227,"column":30},"end":{"line":227,"column":42}}},"44":{"name":"(anonymous_44)","line":236,"loc":{"start":{"line":236,"column":33},"end":{"line":236,"column":46}}},"45":{"name":"(anonymous_45)","line":238,"loc":{"start":{"line":238,"column":30},"end":{"line":238,"column":42}}},"46":{"name":"(anonymous_46)","line":247,"loc":{"start":{"line":247,"column":33},"end":{"line":247,"column":46}}},"47":{"name":"(anonymous_47)","line":249,"loc":{"start":{"line":249,"column":30},"end":{"line":249,"column":42}}},"48":{"name":"(anonymous_48)","line":258,"loc":{"start":{"line":258,"column":28},"end":{"line":258,"column":41}}},"49":{"name":"(anonymous_49)","line":260,"loc":{"start":{"line":260,"column":27},"end":{"line":260,"column":40}}},"50":{"name":"(anonymous_50)","line":262,"loc":{"start":{"line":262,"column":33},"end":{"line":262,"column":46}}},"51":{"name":"(anonymous_51)","line":264,"loc":{"start":{"line":264,"column":26},"end":{"line":264,"column":39}}},"52":{"name":"(anonymous_52)","line":266,"loc":{"start":{"line":266,"column":27},"end":{"line":266,"column":40}}},"53":{"name":"(anonymous_53)","line":268,"loc":{"start":{"line":268,"column":26},"end":{"line":268,"column":39}}},"54":{"name":"(anonymous_54)","line":270,"loc":{"start":{"line":270,"column":31},"end":{"line":270,"column":44}}},"55":{"name":"(anonymous_55)","line":272,"loc":{"start":{"line":272,"column":28},"end":{"line":272,"column":41}}},"56":{"name":"(anonymous_56)","line":274,"loc":{"start":{"line":274,"column":30},"end":{"line":274,"column":43}}},"57":{"name":"(anonymous_57)","line":276,"loc":{"start":{"line":276,"column":31},"end":{"line":276,"column":44}}},"58":{"name":"(anonymous_58)","line":278,"loc":{"start":{"line":278,"column":28},"end":{"line":278,"column":41}}},"59":{"name":"(anonymous_59)","line":284,"loc":{"start":{"line":284,"column":19},"end":{"line":284,"column":31}}},"60":{"name":"(anonymous_60)","line":285,"loc":{"start":{"line":285,"column":41},"end":{"line":285,"column":54}}},"61":{"name":"(anonymous_61)","line":292,"loc":{"start":{"line":292,"column":28},"end":{"line":292,"column":41}}},"62":{"name":"(anonymous_62)","line":293,"loc":{"start":{"line":293,"column":29},"end":{"line":293,"column":42}}},"63":{"name":"(anonymous_63)","line":295,"loc":{"start":{"line":295,"column":28},"end":{"line":295,"column":41}}},"64":{"name":"(anonymous_64)","line":297,"loc":{"start":{"line":297,"column":30},"end":{"line":297,"column":43}}},"65":{"name":"(anonymous_65)","line":299,"loc":{"start":{"line":299,"column":32},"end":{"line":299,"column":45}}},"66":{"name":"(anonymous_66)","line":300,"loc":{"start":{"line":300,"column":79},"end":{"line":300,"column":91}}},"67":{"name":"(anonymous_67)","line":301,"loc":{"start":{"line":301,"column":41},"end":{"line":301,"column":54}}},"68":{"name":"(anonymous_68)","line":308,"loc":{"start":{"line":308,"column":31},"end":{"line":308,"column":44}}},"69":{"name":"(anonymous_69)","line":309,"loc":{"start":{"line":309,"column":24},"end":{"line":309,"column":37}}},"70":{"name":"(anonymous_70)","line":327,"loc":{"start":{"line":327,"column":40},"end":{"line":327,"column":52}}},"71":{"name":"(anonymous_71)","line":328,"loc":{"start":{"line":328,"column":41},"end":{"line":328,"column":54}}},"72":{"name":"(anonymous_72)","line":332,"loc":{"start":{"line":332,"column":29},"end":{"line":332,"column":42}}},"73":{"name":"(anonymous_73)","line":341,"loc":{"start":{"line":341,"column":28},"end":{"line":341,"column":41}}},"74":{"name":"(anonymous_74)","line":342,"loc":{"start":{"line":342,"column":73},"end":{"line":342,"column":85}}},"75":{"name":"(anonymous_75)","line":343,"loc":{"start":{"line":343,"column":41},"end":{"line":343,"column":54}}},"76":{"name":"(anonymous_76)","line":347,"loc":{"start":{"line":347,"column":31},"end":{"line":347,"column":44}}},"77":{"name":"(anonymous_77)","line":349,"loc":{"start":{"line":349,"column":31},"end":{"line":349,"column":44}}},"78":{"name":"(anonymous_78)","line":351,"loc":{"start":{"line":351,"column":28},"end":{"line":351,"column":41}}},"79":{"name":"(anonymous_79)","line":353,"loc":{"start":{"line":353,"column":30},"end":{"line":353,"column":43}}},"80":{"name":"(anonymous_80)","line":355,"loc":{"start":{"line":355,"column":30},"end":{"line":355,"column":43}}},"81":{"name":"(anonymous_81)","line":357,"loc":{"start":{"line":357,"column":39},"end":{"line":357,"column":52}}},"82":{"name":"(anonymous_82)","line":359,"loc":{"start":{"line":359,"column":39},"end":{"line":359,"column":52}}},"83":{"name":"(anonymous_83)","line":361,"loc":{"start":{"line":361,"column":27},"end":{"line":361,"column":40}}},"84":{"name":"(anonymous_84)","line":365,"loc":{"start":{"line":365,"column":19},"end":{"line":365,"column":31}}},"85":{"name":"(anonymous_85)","line":366,"loc":{"start":{"line":366,"column":41},"end":{"line":366,"column":54}}},"86":{"name":"(anonymous_86)","line":376,"loc":{"start":{"line":376,"column":28},"end":{"line":376,"column":41}}},"87":{"name":"(anonymous_87)","line":377,"loc":{"start":{"line":377,"column":37},"end":{"line":377,"column":49}}},"88":{"name":"(anonymous_88)","line":378,"loc":{"start":{"line":378,"column":41},"end":{"line":378,"column":54}}},"89":{"name":"(anonymous_89)","line":382,"loc":{"start":{"line":382,"column":40},"end":{"line":382,"column":53}}},"90":{"name":"(anonymous_90)","line":384,"loc":{"start":{"line":384,"column":24},"end":{"line":384,"column":37}}},"91":{"name":"(anonymous_91)","line":389,"loc":{"start":{"line":389,"column":45},"end":{"line":389,"column":57}}},"92":{"name":"(anonymous_92)","line":390,"loc":{"start":{"line":390,"column":41},"end":{"line":390,"column":54}}},"93":{"name":"(anonymous_93)","line":402,"loc":{"start":{"line":402,"column":27},"end":{"line":402,"column":40}}},"94":{"name":"(anonymous_94)","line":412,"loc":{"start":{"line":412,"column":19},"end":{"line":412,"column":31}}},"95":{"name":"(anonymous_95)","line":413,"loc":{"start":{"line":413,"column":41},"end":{"line":413,"column":54}}},"96":{"name":"(anonymous_96)","line":417,"loc":{"start":{"line":417,"column":25},"end":{"line":417,"column":38}}},"97":{"name":"(anonymous_97)","line":423,"loc":{"start":{"line":423,"column":36},"end":{"line":423,"column":49}}},"98":{"name":"(anonymous_98)","line":425,"loc":{"start":{"line":425,"column":28},"end":{"line":425,"column":41}}},"99":{"name":"(anonymous_99)","line":427,"loc":{"start":{"line":427,"column":40},"end":{"line":427,"column":53}}},"100":{"name":"(anonymous_100)","line":429,"loc":{"start":{"line":429,"column":35},"end":{"line":429,"column":48}}},"101":{"name":"(anonymous_101)","line":431,"loc":{"start":{"line":431,"column":34},"end":{"line":431,"column":47}}},"102":{"name":"(anonymous_102)","line":433,"loc":{"start":{"line":433,"column":32},"end":{"line":433,"column":45}}},"103":{"name":"(anonymous_103)","line":435,"loc":{"start":{"line":435,"column":35},"end":{"line":435,"column":48}}},"104":{"name":"(anonymous_104)","line":439,"loc":{"start":{"line":439,"column":43},"end":{"line":439,"column":56}}},"105":{"name":"(anonymous_105)","line":449,"loc":{"start":{"line":449,"column":49},"end":{"line":449,"column":62}}},"106":{"name":"(anonymous_106)","line":456,"loc":{"start":{"line":456,"column":43},"end":{"line":456,"column":56}}}},"statementMap":{"1":{"start":{"line":1,"column":0},"end":{"line":467,"column":3}},"2":{"start":{"line":2,"column":4},"end":{"line":2,"column":25}},"3":{"start":{"line":4,"column":4},"end":{"line":8,"column":5}},"4":{"start":{"line":5,"column":8},"end":{"line":7,"column":20}},"5":{"start":{"line":6,"column":12},"end":{"line":6,"column":22}},"6":{"start":{"line":10,"column":4},"end":{"line":14,"column":5}},"7":{"start":{"line":11,"column":8},"end":{"line":13,"column":34}},"8":{"start":{"line":12,"column":12},"end":{"line":12,"column":54}},"9":{"start":{"line":16,"column":4},"end":{"line":18,"column":5}},"10":{"start":{"line":17,"column":8},"end":{"line":17,"column":202}},"11":{"start":{"line":20,"column":4},"end":{"line":28,"column":5}},"12":{"start":{"line":21,"column":8},"end":{"line":27,"column":9}},"13":{"start":{"line":30,"column":4},"end":{"line":32,"column":5}},"14":{"start":{"line":31,"column":8},"end":{"line":31,"column":387}},"15":{"start":{"line":34,"column":4},"end":{"line":50,"column":5}},"16":{"start":{"line":35,"column":8},"end":{"line":35,"column":121}},"17":{"start":{"line":36,"column":8},"end":{"line":36,"column":25}},"18":{"start":{"line":37,"column":8},"end":{"line":37,"column":217}},"19":{"start":{"line":38,"column":8},"end":{"line":38,"column":55}},"20":{"start":{"line":39,"column":8},"end":{"line":48,"column":9}},"21":{"start":{"line":41,"column":16},"end":{"line":41,"column":42}},"22":{"start":{"line":42,"column":16},"end":{"line":42,"column":22}},"23":{"start":{"line":44,"column":16},"end":{"line":44,"column":40}},"24":{"start":{"line":45,"column":16},"end":{"line":45,"column":22}},"25":{"start":{"line":47,"column":16},"end":{"line":47,"column":35}},"26":{"start":{"line":49,"column":8},"end":{"line":49,"column":35}},"27":{"start":{"line":52,"column":4},"end":{"line":61,"column":5}},"28":{"start":{"line":53,"column":8},"end":{"line":53,"column":28}},"29":{"start":{"line":54,"column":8},"end":{"line":54,"column":21}},"30":{"start":{"line":55,"column":8},"end":{"line":55,"column":21}},"31":{"start":{"line":56,"column":8},"end":{"line":59,"column":9}},"32":{"start":{"line":57,"column":12},"end":{"line":57,"column":35}},"33":{"start":{"line":58,"column":12},"end":{"line":58,"column":415}},"34":{"start":{"line":60,"column":8},"end":{"line":60,"column":30}},"35":{"start":{"line":63,"column":4},"end":{"line":71,"column":5}},"36":{"start":{"line":64,"column":8},"end":{"line":70,"column":9}},"37":{"start":{"line":65,"column":12},"end":{"line":68,"column":13}},"38":{"start":{"line":66,"column":16},"end":{"line":66,"column":39}},"39":{"start":{"line":67,"column":16},"end":{"line":67,"column":31}},"40":{"start":{"line":69,"column":12},"end":{"line":69,"column":20}},"41":{"start":{"line":73,"column":4},"end":{"line":78,"column":5}},"42":{"start":{"line":74,"column":8},"end":{"line":77,"column":9}},"43":{"start":{"line":75,"column":12},"end":{"line":75,"column":25}},"44":{"start":{"line":76,"column":12},"end":{"line":76,"column":102}},"45":{"start":{"line":80,"column":4},"end":{"line":92,"column":5}},"46":{"start":{"line":81,"column":8},"end":{"line":91,"column":9}},"47":{"start":{"line":82,"column":12},"end":{"line":82,"column":30}},"48":{"start":{"line":83,"column":12},"end":{"line":90,"column":14}},"49":{"start":{"line":86,"column":20},"end":{"line":86,"column":50}},"50":{"start":{"line":87,"column":20},"end":{"line":87,"column":263}},"51":{"start":{"line":88,"column":20},"end":{"line":88,"column":29}},"52":{"start":{"line":94,"column":4},"end":{"line":96,"column":5}},"53":{"start":{"line":95,"column":8},"end":{"line":95,"column":35}},"54":{"start":{"line":98,"column":4},"end":{"line":100,"column":5}},"55":{"start":{"line":99,"column":8},"end":{"line":99,"column":110}},"56":{"start":{"line":102,"column":4},"end":{"line":108,"column":5}},"57":{"start":{"line":103,"column":8},"end":{"line":107,"column":10}},"58":{"start":{"line":104,"column":12},"end":{"line":104,"column":65}},"59":{"start":{"line":106,"column":12},"end":{"line":106,"column":55}},"60":{"start":{"line":110,"column":4},"end":{"line":466,"column":5}},"61":{"start":{"line":111,"column":8},"end":{"line":147,"column":66}},"62":{"start":{"line":131,"column":12},"end":{"line":131,"column":23}},"63":{"start":{"line":132,"column":12},"end":{"line":132,"column":40}},"64":{"start":{"line":132,"column":28},"end":{"line":132,"column":40}},"65":{"start":{"line":133,"column":12},"end":{"line":133,"column":20}},"66":{"start":{"line":135,"column":12},"end":{"line":135,"column":104}},"67":{"start":{"line":136,"column":12},"end":{"line":136,"column":32}},"68":{"start":{"line":148,"column":8},"end":{"line":150,"column":11}},"69":{"start":{"line":149,"column":12},"end":{"line":149,"column":31}},"70":{"start":{"line":151,"column":8},"end":{"line":438,"column":25}},"71":{"start":{"line":153,"column":16},"end":{"line":153,"column":38}},"72":{"start":{"line":154,"column":16},"end":{"line":154,"column":49}},"73":{"start":{"line":155,"column":16},"end":{"line":176,"column":33}},"74":{"start":{"line":156,"column":20},"end":{"line":175,"column":21}},"75":{"start":{"line":156,"column":26},"end":{"line":171,"column":53}},"76":{"start":{"line":157,"column":24},"end":{"line":163,"column":26}},"77":{"start":{"line":158,"column":28},"end":{"line":158,"column":77}},"78":{"start":{"line":160,"column":28},"end":{"line":160,"column":47}},"79":{"start":{"line":162,"column":28},"end":{"line":162,"column":63}},"80":{"start":{"line":164,"column":24},"end":{"line":164,"column":45}},"81":{"start":{"line":165,"column":24},"end":{"line":170,"column":28}},"82":{"start":{"line":166,"column":28},"end":{"line":166,"column":31}},"83":{"start":{"line":168,"column":28},"end":{"line":168,"column":76}},"84":{"start":{"line":168,"column":69},"end":{"line":168,"column":76}},"85":{"start":{"line":169,"column":28},"end":{"line":169,"column":45}},"86":{"start":{"line":172,"column":24},"end":{"line":172,"column":36}},"87":{"start":{"line":173,"column":24},"end":{"line":173,"column":90}},"88":{"start":{"line":173,"column":83},"end":{"line":173,"column":90}},"89":{"start":{"line":174,"column":24},"end":{"line":174,"column":41}},"90":{"start":{"line":178,"column":16},"end":{"line":178,"column":81}},"91":{"start":{"line":180,"column":16},"end":{"line":180,"column":72}},"92":{"start":{"line":182,"column":16},"end":{"line":189,"column":18}},"93":{"start":{"line":183,"column":20},"end":{"line":183,"column":42}},"94":{"start":{"line":184,"column":20},"end":{"line":187,"column":21}},"95":{"start":{"line":185,"column":24},"end":{"line":185,"column":37}},"96":{"start":{"line":186,"column":24},"end":{"line":186,"column":55}},"97":{"start":{"line":188,"column":20},"end":{"line":188,"column":28}},"98":{"start":{"line":190,"column":16},"end":{"line":198,"column":20}},"99":{"start":{"line":191,"column":20},"end":{"line":197,"column":24}},"100":{"start":{"line":192,"column":24},"end":{"line":195,"column":25}},"101":{"start":{"line":193,"column":28},"end":{"line":193,"column":50}},"102":{"start":{"line":194,"column":28},"end":{"line":194,"column":64}},"103":{"start":{"line":196,"column":24},"end":{"line":196,"column":32}},"104":{"start":{"line":200,"column":16},"end":{"line":211,"column":21}},"105":{"start":{"line":202,"column":24},"end":{"line":209,"column":29}},"106":{"start":{"line":213,"column":16},"end":{"line":224,"column":21}},"107":{"start":{"line":215,"column":24},"end":{"line":222,"column":29}},"108":{"start":{"line":226,"column":16},"end":{"line":235,"column":21}},"109":{"start":{"line":228,"column":24},"end":{"line":233,"column":29}},"110":{"start":{"line":237,"column":16},"end":{"line":246,"column":21}},"111":{"start":{"line":239,"column":24},"end":{"line":244,"column":29}},"112":{"start":{"line":248,"column":16},"end":{"line":257,"column":21}},"113":{"start":{"line":250,"column":24},"end":{"line":255,"column":29}},"114":{"start":{"line":259,"column":16},"end":{"line":259,"column":39}},"115":{"start":{"line":261,"column":16},"end":{"line":261,"column":38}},"116":{"start":{"line":263,"column":16},"end":{"line":263,"column":40}},"117":{"start":{"line":265,"column":16},"end":{"line":265,"column":55}},"118":{"start":{"line":267,"column":16},"end":{"line":267,"column":56}},"119":{"start":{"line":269,"column":16},"end":{"line":269,"column":55}},"120":{"start":{"line":271,"column":16},"end":{"line":271,"column":38}},"121":{"start":{"line":273,"column":16},"end":{"line":273,"column":112}},"122":{"start":{"line":275,"column":16},"end":{"line":275,"column":116}},"123":{"start":{"line":277,"column":16},"end":{"line":277,"column":115}},"124":{"start":{"line":279,"column":16},"end":{"line":291,"column":20}},"125":{"start":{"line":285,"column":20},"end":{"line":290,"column":24}},"126":{"start":{"line":286,"column":24},"end":{"line":289,"column":25}},"127":{"start":{"line":287,"column":28},"end":{"line":287,"column":47}},"128":{"start":{"line":288,"column":28},"end":{"line":288,"column":61}},"129":{"start":{"line":294,"column":16},"end":{"line":294,"column":72}},"130":{"start":{"line":296,"column":16},"end":{"line":296,"column":112}},"131":{"start":{"line":298,"column":16},"end":{"line":298,"column":116}},"132":{"start":{"line":300,"column":16},"end":{"line":307,"column":33}},"133":{"start":{"line":301,"column":20},"end":{"line":306,"column":24}},"134":{"start":{"line":302,"column":24},"end":{"line":305,"column":25}},"135":{"start":{"line":303,"column":28},"end":{"line":303,"column":46}},"136":{"start":{"line":304,"column":28},"end":{"line":304,"column":49}},"137":{"start":{"line":309,"column":16},"end":{"line":326,"column":18}},"138":{"start":{"line":310,"column":20},"end":{"line":310,"column":37}},"139":{"start":{"line":311,"column":20},"end":{"line":311,"column":51}},"140":{"start":{"line":312,"column":20},"end":{"line":312,"column":38}},"141":{"start":{"line":313,"column":20},"end":{"line":324,"column":21}},"142":{"start":{"line":313,"column":44},"end":{"line":313,"column":62}},"143":{"start":{"line":314,"column":24},"end":{"line":314,"column":71}},"144":{"start":{"line":315,"column":24},"end":{"line":323,"column":25}},"145":{"start":{"line":319,"column":32},"end":{"line":319,"column":50}},"146":{"start":{"line":320,"column":32},"end":{"line":320,"column":38}},"147":{"start":{"line":322,"column":32},"end":{"line":322,"column":64}},"148":{"start":{"line":325,"column":20},"end":{"line":325,"column":28}},"149":{"start":{"line":327,"column":16},"end":{"line":331,"column":20}},"150":{"start":{"line":328,"column":20},"end":{"line":330,"column":24}},"151":{"start":{"line":329,"column":24},"end":{"line":329,"column":32}},"152":{"start":{"line":333,"column":16},"end":{"line":340,"column":21}},"153":{"start":{"line":342,"column":16},"end":{"line":346,"column":20}},"154":{"start":{"line":343,"column":20},"end":{"line":345,"column":24}},"155":{"start":{"line":344,"column":24},"end":{"line":344,"column":37}},"156":{"start":{"line":348,"column":16},"end":{"line":348,"column":42}},"157":{"start":{"line":350,"column":16},"end":{"line":350,"column":42}},"158":{"start":{"line":352,"column":16},"end":{"line":352,"column":52}},"159":{"start":{"line":354,"column":16},"end":{"line":354,"column":61}},"160":{"start":{"line":356,"column":16},"end":{"line":356,"column":61}},"161":{"start":{"line":358,"column":16},"end":{"line":358,"column":50}},"162":{"start":{"line":360,"column":16},"end":{"line":360,"column":50}},"163":{"start":{"line":362,"column":16},"end":{"line":375,"column":20}},"164":{"start":{"line":366,"column":20},"end":{"line":374,"column":24}},"165":{"start":{"line":367,"column":24},"end":{"line":373,"column":25}},"166":{"start":{"line":368,"column":28},"end":{"line":368,"column":48}},"167":{"start":{"line":369,"column":28},"end":{"line":372,"column":29}},"168":{"start":{"line":370,"column":32},"end":{"line":370,"column":54}},"169":{"start":{"line":371,"column":32},"end":{"line":371,"column":89}},"170":{"start":{"line":377,"column":16},"end":{"line":381,"column":20}},"171":{"start":{"line":378,"column":20},"end":{"line":380,"column":24}},"172":{"start":{"line":379,"column":24},"end":{"line":379,"column":32}},"173":{"start":{"line":383,"column":16},"end":{"line":383,"column":116}},"174":{"start":{"line":385,"column":16},"end":{"line":388,"column":17}},"175":{"start":{"line":386,"column":20},"end":{"line":386,"column":79}},"176":{"start":{"line":387,"column":20},"end":{"line":387,"column":29}},"177":{"start":{"line":389,"column":16},"end":{"line":401,"column":20}},"178":{"start":{"line":390,"column":20},"end":{"line":400,"column":24}},"179":{"start":{"line":391,"column":24},"end":{"line":391,"column":44}},"180":{"start":{"line":392,"column":24},"end":{"line":399,"column":25}},"181":{"start":{"line":393,"column":28},"end":{"line":393,"column":46}},"182":{"start":{"line":394,"column":28},"end":{"line":397,"column":29}},"183":{"start":{"line":395,"column":32},"end":{"line":395,"column":45}},"184":{"start":{"line":396,"column":32},"end":{"line":396,"column":166}},"185":{"start":{"line":398,"column":28},"end":{"line":398,"column":62}},"186":{"start":{"line":403,"column":16},"end":{"line":416,"column":20}},"187":{"start":{"line":413,"column":20},"end":{"line":415,"column":24}},"188":{"start":{"line":414,"column":24},"end":{"line":414,"column":82}},"189":{"start":{"line":418,"column":16},"end":{"line":421,"column":17}},"190":{"start":{"line":419,"column":20},"end":{"line":419,"column":72}},"191":{"start":{"line":420,"column":20},"end":{"line":420,"column":29}},"192":{"start":{"line":422,"column":16},"end":{"line":422,"column":48}},"193":{"start":{"line":424,"column":16},"end":{"line":424,"column":93}},"194":{"start":{"line":426,"column":16},"end":{"line":426,"column":41}},"195":{"start":{"line":428,"column":16},"end":{"line":428,"column":53}},"196":{"start":{"line":430,"column":16},"end":{"line":430,"column":62}},"197":{"start":{"line":432,"column":16},"end":{"line":432,"column":45}},"198":{"start":{"line":434,"column":16},"end":{"line":434,"colum
[...]
 + C.systemType + \"&c=\" + C.clientVersion + \"&a=\" + C.appId + \"&n=\" + C.networkType + \"&i=\" + C.initTime + \"&p=\" + C.preVerifyTime + \"&u=\" + C.url;","                    b.src = c","                }","            })","        }","    }","","    function m() {","        return (new Date).getTime()","    }","","    function n(b) {","        x && (a.WeixinJSBridge ? b() : r.addEventListener && r.addEventListener(\"WeixinJSBridgeReady\", b, !1))","    }","","    function o() {","        I.invoke || (I.invoke = function (b, c, d) {","            a.WeixinJSBridge && WeixinJSBridge.invoke(b, e(c), d)","        }, I.on = function (b, c) {","            a.WeixinJSBridge && WeixinJSBridge.on(b, c)","        })","    }","","    if (!a.jWeixin) {","        var p = {","            config: \"preVerifyJSAPI\",","            onMenuShareTimeline: \"menu:share:timeline\",","            onMenuShareAppMessage: \"menu:share:appmessage\",","            onMenuShareQQ: \"menu:share:qq\",","            onMenuShareWeibo: \"menu:share:weiboApp\",","            onMenuShareQZone: \"menu:share:QZone\",","            previewImage: \"imagePreview\",","            getLocation: \"geoLocation\",","            openProductSpecificView: \"openProductViewWithPid\",","            addCard: \"batchAddCard\",","            openCard: \"batchViewCard\",","            chooseWXPay: \"getBrandWCPayRequest\",","            openEnterpriseRedPacket: \"getRecevieBizHongBaoRequest\",","            startSearchBeacons: \"startMonitoringBeacons\",","            stopSearchBeacons: \"stopMonitoringBeacons\",","            onSearchBeacons: \"onBeaconsInRange\",","            consumeAndShareCard: \"consumedShareCard\",","            openAddress: \"editAddress\"","        }, q = function () {","            var a = {};","            for (var b in p)a[p[b]] = b;","            return a","        }(), r = a.document, s = r.title, t = navigator.userAgent.toLowerCase(), u = navigator.platform.toLowerCase(), v = !(!u.match(\"mac\") && !u.match(\"win\")), w = -1 != t.indexOf(\"wxdebugger\"), x = -1 != t.indexOf(\"micromessenger\"), y = -1 != t.indexOf(\"android\"), z = -1 != t.indexOf(\"iphone\") || -1 != t.indexOf(\"ipad\"), A = function () {","            var a = t.match(/micromessenger\\/(\\d+\\.\\d+\\.\\d+)/) || t.match(/micromessenger\\/(\\d+\\.\\d+)/);","            return a ? a[1] : \"\"","        }(), B = {initStartTime: m(), initEndTime: 0, preVerifyStartTime: 0, preVerifyEndTime: 0}, C = {","            version: 1,","            appId: \"\",","            initTime: 0,","            preVerifyTime: 0,","            networkType: \"\",","            isPreVerifyOk: 1,","            systemType: z ? 1 : y ? 2 : -1,","            clientVersion: A,","            url: encodeURIComponent(location.href)","        }, D = {}, E = {_completes: []}, F = {state: 0, data: {}};","        n(function () {","            B.initEndTime = m()","        });","        var G = !1, H = [], I = {","            config: function (a) {","                D = a, k(\"config\", a);","                var b = D.check === !1 ? !1 : !0;","                n(function () {","                    if (b)c(p.config, {verifyJsApiList: j(D.jsApiList)}, function () {","                        E._complete = function (a) {","                            B.preVerifyEndTime = m(), F.state = 1, F.data = a","                        }, E.success = function (a) {","                            C.isPreVerifyOk = 0","                        }, E.fail = function (a) {","                            E._fail ? E._fail(a) : F.state = -1","                        };","                        var a = E._completes;","                        return a.push(function () {","                            l()","                        }), E.complete = function (b) {","                            for (var c = 0, d = a.length; d > c; ++c)a[c]();","                            E._completes = []","                        }, E","                    }()), B.preVerifyStartTime = m(); else {","                        F.state = 1;","                        for (var a = E._completes, d = 0, e = a.length; e > d; ++d)a[d]();","                        E._completes = []","                    }","                }), D.beta && o()","            }, ready: function (a) {","                0 != F.state ? a() : (E._completes.push(a), !x && D.debug && a())","            }, error: function (a) {","                \"6.0.2\" > A || (-1 == F.state ? a(F.data) : E._fail = a)","            }, checkJsApi: function (a) {","                var b = function (a) {","                    var b = a.checkResult;","                    for (var c in b) {","                        var d = q[c];","                        d && (b[d] = b[c], delete b[c])","                    }","                    return a","                };","                c(\"checkJsApi\", {jsApiList: j(a.jsApiList)}, function () {","                    return a._complete = function (a) {","                        if (y) {","                            var c = a.checkResult;","                            c && (a.checkResult = JSON.parse(c))","                        }","                        a = b(a)","                    }, a","                }())","            }, onMenuShareTimeline: function (a) {","                d(p.onMenuShareTimeline, {","                    complete: function () {","                        c(\"shareTimeline\", {","                            title: a.title || s,","                            desc: a.title || s,","                            img_url: a.imgUrl || \"\",","                            link: a.link || location.href,","                            type: a.type || \"link\",","                            data_url: a.dataUrl || \"\"","                        }, a)","                    }","                }, a)","            }, onMenuShareAppMessage: function (a) {","                d(p.onMenuShareAppMessage, {","                    complete: function () {","                        c(\"sendAppMessage\", {","                            title: a.title || s,","                            desc: a.desc || \"\",","                            link: a.link || location.href,","                            img_url: a.imgUrl || \"\",","                            type: a.type || \"link\",","                            data_url: a.dataUrl || \"\"","                        }, a)","                    }","                }, a)","            }, onMenuShareQQ: function (a) {","                d(p.onMenuShareQQ, {","                    complete: function () {","                        c(\"shareQQ\", {","                            title: a.title || s,","                            desc: a.desc || \"\",","                            img_url: a.imgUrl || \"\",","                            link: a.link || location.href","                        }, a)","                    }","                }, a)","            }, onMenuShareWeibo: function (a) {","                d(p.onMenuShareWeibo, {","                    complete: function () {","                        c(\"shareWeiboApp\", {","                            title: a.title || s,","                            desc: a.desc || \"\",","                            img_url: a.imgUrl || \"\",","                            link: a.link || location.href","                        }, a)","                    }","                }, a)","            }, onMenuShareQZone: function (a) {","                d(p.onMenuShareQZone, {","                    complete: function () {","                        c(\"shareQZone\", {","                            title: a.title || s,","                            desc: a.desc || \"\",","                            img_url: a.imgUrl || \"\",","                            link: a.link || location.href","                        }, a)","                    }","                }, a)","            }, startRecord: function (a) {","                c(\"startRecord\", {}, a)","            }, stopRecord: function (a) {","                c(\"stopRecord\", {}, a)","            }, onVoiceRecordEnd: function (a) {","                d(\"onVoiceRecordEnd\", a)","            }, playVoice: function (a) {","                c(\"playVoice\", {localId: a.localId}, a)","            }, pauseVoice: function (a) {","                c(\"pauseVoice\", {localId: a.localId}, a)","            }, stopVoice: function (a) {","                c(\"stopVoice\", {localId: a.localId}, a)","            }, onVoicePlayEnd: function (a) {","                d(\"onVoicePlayEnd\", a)","            }, uploadVoice: function (a) {","                c(\"uploadVoice\", {localId: a.localId, isShowProgressTips: 0 == a.isShowProgressTips ? 0 : 1}, a)","            }, downloadVoice: function (a) {","                c(\"downloadVoice\", {serverId: a.serverId, isShowProgressTips: 0 == a.isShowProgressTips ? 0 : 1}, a)","            }, translateVoice: function (a) {","                c(\"translateVoice\", {localId: a.localId, isShowProgressTips: 0 == a.isShowProgressTips ? 0 : 1}, a)","            }, chooseImage: function (a) {","                c(\"chooseImage\", {","                    scene: \"1|2\",","                    count: a.count || 9,","                    sizeType: a.sizeType || [\"original\", \"compressed\"],","                    sourceType: a.sourceType || [\"album\", \"camera\"]","                }, function () {","                    return a._complete = function (a) {","                        if (y) {","                            var b = a.localIds;","                            b && (a.localIds = JSON.parse(b))","                        }","                    }, a","                }())","            }, getLocation: function (a) {","            }, previewImage: function (a) {","                c(p.previewImage, {current: a.current, urls: a.urls}, a)","            }, uploadImage: function (a) {","                c(\"uploadImage\", {localId: a.localId, isShowProgressTips: 0 == a.isShowProgressTips ? 0 : 1}, a)","            }, downloadImage: function (a) {","                c(\"downloadImage\", {serverId: a.serverId, isShowProgressTips: 0 == a.isShowProgressTips ? 0 : 1}, a)","            }, getLocalImgData: function (a) {","                G === !1 ? (G = !0, c(\"getLocalImgData\", {localId: a.localId}, function () {","                    return a._complete = function (a) {","                        if (G = !1, H.length > 0) {","                            var b = H.shift();","                            wx.getLocalImgData(b)","                        }","                    }, a","                }())) : H.push(a)","            }, getNetworkType: function (a) {","                var b = function (a) {","                    var b = a.errMsg;","                    a.errMsg = \"getNetworkType:ok\";","                    var c = a.subtype;","                    if (delete a.subtype, c)a.networkType = c; else {","                        var d = b.indexOf(\":\"), e = b.substring(d + 1);","                        switch (e) {","                            case\"wifi\":","                            case\"edge\":","                            case\"wwan\":","                                a.networkType = e;","                                break;","                            default:","                                a.errMsg = \"getNetworkType:fail\"","                        }","                    }","                    return a","                };","                c(\"getNetworkType\", {}, function () {","                    return a._complete = function (a) {","                        a = b(a)","                    }, a","                }())","            }, openLocation: function (a) {","                c(\"openLocation\", {","                    latitude: a.latitude,","                    longitude: a.longitude,","                    name: a.name || \"\",","                    address: a.address || \"\",","                    scale: a.scale || 28,","                    infoUrl: a.infoUrl || \"\"","                }, a)","            }, getLocation: function (a) {","                a = a || {}, c(p.getLocation, {type: a.type || \"wgs84\"}, function () {","                    return a._complete = function (a) {","                        delete a.type","                    }, a","                }())","            }, hideOptionMenu: function (a) {","                c(\"hideOptionMenu\", {}, a)","            }, showOptionMenu: function (a) {","                c(\"showOptionMenu\", {}, a)","            }, closeWindow: function (a) {","                a = a || {}, c(\"closeWindow\", {}, a)","            }, hideMenuItems: function (a) {","                c(\"hideMenuItems\", {menuList: a.menuList}, a)","            }, showMenuItems: function (a) {","                c(\"showMenuItems\", {menuList: a.menuList}, a)","            }, hideAllNonBaseMenuItem: function (a) {","                c(\"hideAllNonBaseMenuItem\", {}, a)","            }, showAllNonBaseMenuItem: function (a) {","                c(\"showAllNonBaseMenuItem\", {}, a)","            }, scanQRCode: function (a) {","                a = a || {}, c(\"scanQRCode\", {","                    needResult: a.needResult || 0,","                    scanType: a.scanType || [\"qrCode\", \"barCode\"]","                }, function () {","                    return a._complete = function (a) {","                        if (z) {","                            var b = a.resultStr;","                            if (b) {","                                var c = JSON.parse(b);","                                a.resultStr = c && c.scan_code && c.scan_code.scan_result","                            }","                        }","                    }, a","                }())","            }, openAddress: function (a) {","                c(p.openAddress, {}, function () {","                    return a._complete = function (a) {","                        a = g(a)","                    }, a","                }())","            }, openProductSpecificView: function (a) {","                c(p.openProductSpecificView, {pid: a.productId, view_type: a.viewType || 0, ext_info: a.extInfo}, a)","            }, addCard: function (a) {","                for (var b = a.cardList, d = [], e = 0, f = b.length; f > e; ++e) {","                    var g = b[e], h = {card_id: g.cardId, card_ext: g.cardExt};","                    d.push(h)","                }","                c(p.addCard, {card_list: d}, function () {","                    return a._complete = function (a) {","                        var b = a.card_list;","                        if (b) {","                            b = JSON.parse(b);","                            for (var c = 0, d = b.length; d > c; ++c) {","                                var e = b[c];","                                e.cardId = e.card_id, e.cardExt = e.card_ext, e.isSuccess = e.is_succ ? !0 : !1, delete e.card_id, delete e.card_ext, delete e.is_succ","                            }","                            a.cardList = b, delete a.card_list","                        }","                    }, a","                }())","            }, chooseCard: function (a) {","                c(\"chooseCard\", {","                    app_id: D.appId,","                    location_id: a.shopId || \"\",","                    sign_type: a.signType || \"SHA1\",","                    card_id: a.cardId || \"\",","                    card_type: a.cardType || \"\",","                    card_sign: a.cardSign,","                    time_stamp: a.timestamp + \"\",","                    nonce_str: a.nonceStr","                }, function () {","                    return a._complete = function (a) {","                        a.cardList = a.choose_card_info, delete a.choose_card_info","                    }, a","                }())","            }, openCard: function (a) {","                for (var b = a.cardList, d = [], e = 0, f = b.length; f > e; ++e) {","                    var g = b[e], h = {card_id: g.cardId, code: g.code};","                    d.push(h)","                }","                c(p.openCard, {card_list: d}, a)","            }, consumeAndShareCard: function (a) {","                c(p.consumeAndShareCard, {consumedCardId: a.cardId, consumedCode: a.code}, a)","            }, chooseWXPay: function (a) {","                c(p.chooseWXPay, f(a), a)","            }, openEnterpriseRedPacket: function (a) {","                c(p.openEnterpriseRedPacket, f(a), a)","            }, startSearchBeacons: function (a) {","                c(p.startSearchBeacons, {ticket: a.ticket}, a)","            }, stopSearchBeacons: function (a) {","                c(p.stopSearchBeacons, {}, a)","            }, onSearchBeacons: function (a) {","                d(p.onSearchBeacons, a)","            }, openEnterpriseChat: function (a) {","                c(\"openEnterpriseChat\", {useridlist: a.userIds, chatname: a.groupName}, a)","            }","        }, J = 1, K = {};","        return r.addEventListener(\"error\", function (a) {","            if (!y) {","                var b = a.target, c = b.tagName, d = b.src;","                if (\"IMG\" == c || \"VIDEO\" == c || \"AUDIO\" == c || \"SOURCE\" == c) {","                    var e = -1 != d.indexOf(\"wxlocalresource://\");","                    if (e) {","                        a.preventDefault(), a.stopPropagation();","                        var f = b[\"wx-id\"];","                        if (f || (f = J++, b[\"wx-id\"] = f), K[f])return;","                        K[f] = !0, wx.getLocalImgData({","                            localId: d, success: function (a) {","                                b.src = a.localData","                            }","                        })","                    }","                }","            }","        }, !0), r.addEventListener(\"load\", function (a) {","            if (!y) {","                var b = a.target, c = b.tagName;","                b.src;","                if (\"IMG\" == c || \"VIDEO\" == c || \"AUDIO\" == c || \"SOURCE\" == c) {","                    var d = b[\"wx-id\"];","                    d && (K[d] = !1)","                }","            }","        }, !0), b && (a.wx = a.jWeixin = I), I","    }","});"],"l":{"1":2,"2":0,"4":1,"5":0,"6":0,"10":1,"11":0,"12":0,"16":1,"17":0,"20":1,"21":0,"30":1,"31":0,"34":1,"35":0,"36":0,"37":0,"38":0,"39":0,"41":0,"42":0,"44":0,"45":0,"47":0,"49":0,"52":1,"53":0,"54":0,"55":0,"56":0,"57":0,"58":0,"60":0,"63":1,"64":0,"65":0,"66":0,"67":0,"69":0,"73":1,"74":0,"75":0,"76":0,"80":1,"81":0,"82":0,"83":0,"86":0,"87":0,"88":0,"94":1,"95":0,"98":1,"99":0,"102":1,"103":0,"104":0,"106":0,"110":0,"111":0,"131":0,"132":0,"133":0,"135":0,"136":0,"148":0,"149":0,"151":0,"153":0,"154":0,"155":0,"156":0,"157":0,"158":0,"160":0,"162":0,"164":0,"165":0,"166":0,"168":0,"169":0,"172":0,"173":0,"174":0,"178":0,"180":0,"182":0,"183":0,"184":0,"185":0,"186":0,"188":0,"190":0,"191":0,"192":0,"193":0,"194":0,"196":0,"200":0,"202":0,"213":0,"215":0,"226":0,"228":0,"237":0,"239":0,"248":0,"250":0,"259":0,"261":0,"263":0,"265":0,"267":0,"269":0,"271":0,"273":0,"275":0,"277":0,"279":0,"285":0,"286":0,"287":0,"288":0,"294":0,"296":0,"298":0,"300":0,"301":0,"302":0,"303":0,"304":0,"309":0,"310":0,"311":0,"312":0,"313":0,"314":0,"315":0,"319":0,"320":0,"322":0,"325":0,"327":0,"328":0,"329":0,"333":0,"342":0,"343":0,"344":0,"348":0,"350":0,"352":0,"354":0,"356":0,"358":0,"360":0,"362":0,"366":0,"367":0,"368":0,"369":0,"370":0,"371":0,"377":0,"378":0,"379":0,"383":0,"385":0,"386":0,"387":0,"389":0,"390":0,"391":0,"392":0,"393":0,"394":0,"395":0,"396":0,"398":0,"403":0,"413":0,"414":0,"418":0,"419":0,"420":0,"422":0,"424":0,"426":0,"428":0,"430":0,"432":0,"434":0,"436":0,"439":0,"440":0,"441":0,"442":0,"443":0,"444":0,"445":0,"446":0,"447":0,"448":0,"450":0,"457":0,"458":0,"459":0,"460":0,"461":0,"462":0}}}